-------------------------------------------------------------------------------
Test set: ie.flexx.jackanory.tests.UserStoryRequirementImplIntegrationTest
-------------------------------------------------------------------------------
Tests run: 6, Failures: 0, Errors: 4, Skipped: 0, Time elapsed: 31.712 sec <<< FAILURE! - in ie.flexx.jackanory.tests.UserStoryRequirementImplIntegrationTest
testUpdateUserStoryRequirement(ie.flexx.jackanory.tests.UserStoryRequirementImplIntegrationTest)  Time elapsed: 1.193 sec  <<< ERROR!
javax.persistence.PersistenceException: org.hibernate.id.IdentifierGenerationException: ids for this class must be manually assigned before calling save(): ie.flexx.jackanory.data.UserStoryRequirementData
	at org.hibernate.id.Assigned.generate(Assigned.java:52)
	at org.hibernate.event.internal.AbstractSaveEventListener.saveWithGeneratedId(AbstractSaveEventListener.java:117)
	at org.hibernate.jpa.event.internal.core.JpaMergeEventListener.saveWithGeneratedId(JpaMergeEventListener.java:73)
	at org.hibernate.event.internal.DefaultMergeEventListener.saveTransientEntity(DefaultMergeEventListener.java:271)
	at org.hibernate.event.internal.DefaultMergeEventListener.entityIsTransient(DefaultMergeEventListener.java:251)
	at org.hibernate.event.internal.DefaultMergeEventListener.onMerge(DefaultMergeEventListener.java:189)
	at org.hibernate.internal.SessionImpl.fireMerge(SessionImpl.java:886)
	at org.hibernate.internal.SessionImpl.merge(SessionImpl.java:868)
	at org.hibernate.engine.spi.CascadingActions$6.cascade(CascadingActions.java:277)
	at org.hibernate.engine.internal.Cascade.cascadeToOne(Cascade.java:350)
	at org.hibernate.engine.internal.Cascade.cascadeAssociation(Cascade.java:293)
	at org.hibernate.engine.internal.Cascade.cascadeProperty(Cascade.java:161)
	at org.hibernate.engine.internal.Cascade.cascadeCollectionElements(Cascade.java:379)
	at org.hibernate.engine.internal.Cascade.cascadeCollection(Cascade.java:319)
	at org.hibernate.engine.internal.Cascade.cascadeAssociation(Cascade.java:296)
	at org.hibernate.engine.internal.Cascade.cascadeProperty(Cascade.java:161)
	at org.hibernate.engine.internal.Cascade.cascade(Cascade.java:118)
	at org.hibernate.event.internal.DefaultMergeEventListener.cascadeOnMerge(DefaultMergeEventListener.java:474)
	at org.hibernate.event.internal.DefaultMergeEventListener.entityIsPersistent(DefaultMergeEventListener.java:218)
	at org.hibernate.event.internal.DefaultMergeEventListener.onMerge(DefaultMergeEventListener.java:192)
	at org.hibernate.event.internal.DefaultMergeEventListener.onMerge(DefaultMergeEventListener.java:85)
	at org.hibernate.internal.SessionImpl.fireMerge(SessionImpl.java:876)
	at org.hibernate.internal.SessionImpl.merge(SessionImpl.java:858)
	at org.hibernate.internal.SessionImpl.merge(SessionImpl.java:863)
	at org.hibernate.jpa.spi.AbstractEntityManagerImpl.merge(AbstractEntityManagerImpl.java:1196)
	at sun.reflect.NativeMethodAccessorImpl.invoke0(Native Method)
	at sun.reflect.NativeMethodAccessorImpl.invoke(NativeMethodAccessorImpl.java:62)
	at sun.reflect.DelegatingMethodAccessorImpl.invoke(DelegatingMethodAccessorImpl.java:43)
	at java.lang.reflect.Method.invoke(Method.java:498)
	at org.springframework.orm.jpa.SharedEntityManagerCreator$SharedEntityManagerInvocationHandler.invoke(SharedEntityManagerCreator.java:289)
	at com.sun.proxy.$Proxy28.merge(Unknown Source)
	at ie.flexx.jackanory.data.dao.UserStoryDataDaoImpl.updateUserStoryData(UserStoryDataDaoImpl.java:41)
	at ie.flexx.jackanory.data.dao.UserStoryDataDaoImpl$$FastClassBySpringCGLIB$$2fb579d9.invoke(<generated>)
	at org.springframework.cglib.proxy.MethodProxy.invoke(MethodProxy.java:204)
	at org.springframework.aop.framework.CglibAopProxy$CglibMethodInvocation.invokeJoinpoint(CglibAopProxy.java:708)
	at org.springframework.aop.framework.ReflectiveMethodInvocation.proceed(ReflectiveMethodInvocation.java:157)
	at org.springframework.transaction.interceptor.TransactionInterceptor$1.proceedWithInvocation(TransactionInterceptor.java:98)
	at org.springframework.transaction.interceptor.TransactionAspectSupport.invokeWithinTransaction(TransactionAspectSupport.java:262)
	at org.springframework.transaction.interceptor.TransactionInterceptor.invoke(TransactionInterceptor.java:95)
	at org.springframework.aop.framework.ReflectiveMethodInvocation.proceed(ReflectiveMethodInvocation.java:179)
	at org.springframework.aop.framework.CglibAopProxy$DynamicAdvisedInterceptor.intercept(CglibAopProxy.java:644)
	at ie.flexx.jackanory.data.dao.UserStoryDataDaoImpl$$EnhancerBySpringCGLIB$$929f3dfc.updateUserStoryData(<generated>)
	at ie.flexx.jackanory.domain.dao.UserStoryDaoImpl.updateUserStory(UserStoryDaoImpl.java:43)
	at ie.flexx.jackanory.domain.dao.UserStoryDaoImpl$$FastClassBySpringCGLIB$$5f09e9c9.invoke(<generated>)
	at org.springframework.cglib.proxy.MethodProxy.invoke(MethodProxy.java:204)
	at org.springframework.aop.framework.CglibAopProxy$CglibMethodInvocation.invokeJoinpoint(CglibAopProxy.java:708)
	at org.springframework.aop.framework.ReflectiveMethodInvocation.proceed(ReflectiveMethodInvocation.java:157)
	at org.springframework.transaction.interceptor.TransactionInterceptor$1.proceedWithInvocation(TransactionInterceptor.java:98)
	at org.springframework.transaction.interceptor.TransactionAspectSupport.invokeWithinTransaction(TransactionAspectSupport.java:262)
	at org.springframework.transaction.interceptor.TransactionInterceptor.invoke(TransactionInterceptor.java:95)
	at org.springframework.aop.framework.ReflectiveMethodInvocation.proceed(ReflectiveMethodInvocation.java:179)
	at org.springframework.aop.framework.CglibAopProxy$DynamicAdvisedInterceptor.intercept(CglibAopProxy.java:644)
	at ie.flexx.jackanory.domain.dao.UserStoryDaoImpl$$EnhancerBySpringCGLIB$$ba471fec.updateUserStory(<generated>)
	at ie.flexx.jackanory.manager.UserStoryManagerImpl.updateUserStory(UserStoryManagerImpl.java:59)
	at ie.flexx.jackanory.manager.UserStoryManagerImpl$$FastClassBySpringCGLIB$$1b53f5e9.invoke(<generated>)
	at org.springframework.cglib.proxy.MethodProxy.invoke(MethodProxy.java:204)
	at org.springframework.aop.framework.CglibAopProxy$CglibMethodInvocation.invokeJoinpoint(CglibAopProxy.java:708)
	at org.springframework.aop.framework.ReflectiveMethodInvocation.proceed(ReflectiveMethodInvocation.java:157)
	at org.springframework.transaction.interceptor.TransactionInterceptor$1.proceedWithInvocation(TransactionInterceptor.java:98)
	at org.springframework.transaction.interceptor.TransactionAspectSupport.invokeWithinTransaction(TransactionAspectSupport.java:262)
	at org.springframework.transaction.interceptor.TransactionInterceptor.invoke(TransactionInterceptor.java:95)
	at org.springframework.aop.framework.ReflectiveMethodInvocation.proceed(ReflectiveMethodInvocation.java:179)
	at org.springframework.aop.framework.CglibAopProxy$DynamicAdvisedInterceptor.intercept(CglibAopProxy.java:644)
	at ie.flexx.jackanory.manager.UserStoryManagerImpl$$EnhancerBySpringCGLIB$$8058c80c.updateUserStory(<generated>)
	at ie.flexx.jackanory.tests.UserStoryRequirementImplIntegrationTest.testUpdateUserStoryRequirement(UserStoryRequirementImplIntegrationTest.java:151)

testGetUserStoryRequirementList(ie.flexx.jackanory.tests.UserStoryRequirementImplIntegrationTest)  Time elapsed: 1.624 sec  <<< ERROR!
javax.persistence.PersistenceException: org.hibernate.id.IdentifierGenerationException: ids for this class must be manually assigned before calling save(): ie.flexx.jackanory.data.UserStoryRequirementData
	at org.hibernate.id.Assigned.generate(Assigned.java:52)
	at org.hibernate.event.internal.AbstractSaveEventListener.saveWithGeneratedId(AbstractSaveEventListener.java:117)
	at org.hibernate.jpa.event.internal.core.JpaMergeEventListener.saveWithGeneratedId(JpaMergeEventListener.java:73)
	at org.hibernate.event.internal.DefaultMergeEventListener.saveTransientEntity(DefaultMergeEventListener.java:271)
	at org.hibernate.event.internal.DefaultMergeEventListener.entityIsTransient(DefaultMergeEventListener.java:251)
	at org.hibernate.event.internal.DefaultMergeEventListener.onMerge(DefaultMergeEventListener.java:189)
	at org.hibernate.internal.SessionImpl.fireMerge(SessionImpl.java:886)
	at org.hibernate.internal.SessionImpl.merge(SessionImpl.java:868)
	at org.hibernate.engine.spi.CascadingActions$6.cascade(CascadingActions.java:277)
	at org.hibernate.engine.internal.Cascade.cascadeToOne(Cascade.java:350)
	at org.hibernate.engine.internal.Cascade.cascadeAssociation(Cascade.java:293)
	at org.hibernate.engine.internal.Cascade.cascadeProperty(Cascade.java:161)
	at org.hibernate.engine.internal.Cascade.cascadeCollectionElements(Cascade.java:379)
	at org.hibernate.engine.internal.Cascade.cascadeCollection(Cascade.java:319)
	at org.hibernate.engine.internal.Cascade.cascadeAssociation(Cascade.java:296)
	at org.hibernate.engine.internal.Cascade.cascadeProperty(Cascade.java:161)
	at org.hibernate.engine.internal.Cascade.cascade(Cascade.java:118)
	at org.hibernate.event.internal.DefaultMergeEventListener.cascadeOnMerge(DefaultMergeEventListener.java:474)
	at org.hibernate.event.internal.DefaultMergeEventListener.entityIsPersistent(DefaultMergeEventListener.java:218)
	at org.hibernate.event.internal.DefaultMergeEventListener.onMerge(DefaultMergeEventListener.java:192)
	at org.hibernate.event.internal.DefaultMergeEventListener.onMerge(DefaultMergeEventListener.java:85)
	at org.hibernate.internal.SessionImpl.fireMerge(SessionImpl.java:876)
	at org.hibernate.internal.SessionImpl.merge(SessionImpl.java:858)
	at org.hibernate.internal.SessionImpl.merge(SessionImpl.java:863)
	at org.hibernate.jpa.spi.AbstractEntityManagerImpl.merge(AbstractEntityManagerImpl.java:1196)
	at sun.reflect.NativeMethodAccessorImpl.invoke0(Native Method)
	at sun.reflect.NativeMethodAccessorImpl.invoke(NativeMethodAccessorImpl.java:62)
	at sun.reflect.DelegatingMethodAccessorImpl.invoke(DelegatingMethodAccessorImpl.java:43)
	at java.lang.reflect.Method.invoke(Method.java:498)
	at org.springframework.orm.jpa.SharedEntityManagerCreator$SharedEntityManagerInvocationHandler.invoke(SharedEntityManagerCreator.java:289)
	at com.sun.proxy.$Proxy28.merge(Unknown Source)
	at ie.flexx.jackanory.data.dao.UserStoryDataDaoImpl.updateUserStoryData(UserStoryDataDaoImpl.java:41)
	at ie.flexx.jackanory.data.dao.UserStoryDataDaoImpl$$FastClassBySpringCGLIB$$2fb579d9.invoke(<generated>)
	at org.springframework.cglib.proxy.MethodProxy.invoke(MethodProxy.java:204)
	at org.springframework.aop.framework.CglibAopProxy$CglibMethodInvocation.invokeJoinpoint(CglibAopProxy.java:708)
	at org.springframework.aop.framework.ReflectiveMethodInvocation.proceed(ReflectiveMethodInvocation.java:157)
	at org.springframework.transaction.interceptor.TransactionInterceptor$1.proceedWithInvocation(TransactionInterceptor.java:98)
	at org.springframework.transaction.interceptor.TransactionAspectSupport.invokeWithinTransaction(TransactionAspectSupport.java:262)
	at org.springframework.transaction.interceptor.TransactionInterceptor.invoke(TransactionInterceptor.java:95)
	at org.springframework.aop.framework.ReflectiveMethodInvocation.proceed(ReflectiveMethodInvocation.java:179)
	at org.springframework.aop.framework.CglibAopProxy$DynamicAdvisedInterceptor.intercept(CglibAopProxy.java:644)
	at ie.flexx.jackanory.data.dao.UserStoryDataDaoImpl$$EnhancerBySpringCGLIB$$929f3dfc.updateUserStoryData(<generated>)
	at ie.flexx.jackanory.domain.dao.UserStoryDaoImpl.updateUserStory(UserStoryDaoImpl.java:43)
	at ie.flexx.jackanory.domain.dao.UserStoryDaoImpl$$FastClassBySpringCGLIB$$5f09e9c9.invoke(<generated>)
	at org.springframework.cglib.proxy.MethodProxy.invoke(MethodProxy.java:204)
	at org.springframework.aop.framework.CglibAopProxy$CglibMethodInvocation.invokeJoinpoint(CglibAopProxy.java:708)
	at org.springframework.aop.framework.ReflectiveMethodInvocation.proceed(ReflectiveMethodInvocation.java:157)
	at org.springframework.transaction.interceptor.TransactionInterceptor$1.proceedWithInvocation(TransactionInterceptor.java:98)
	at org.springframework.transaction.interceptor.TransactionAspectSupport.invokeWithinTransaction(TransactionAspectSupport.java:262)
	at org.springframework.transaction.interceptor.TransactionInterceptor.invoke(TransactionInterceptor.java:95)
	at org.springframework.aop.framework.ReflectiveMethodInvocation.proceed(ReflectiveMethodInvocation.java:179)
	at org.springframework.aop.framework.CglibAopProxy$DynamicAdvisedInterceptor.intercept(CglibAopProxy.java:644)
	at ie.flexx.jackanory.domain.dao.UserStoryDaoImpl$$EnhancerBySpringCGLIB$$ba471fec.updateUserStory(<generated>)
	at ie.flexx.jackanory.manager.UserStoryManagerImpl.updateUserStory(UserStoryManagerImpl.java:59)
	at ie.flexx.jackanory.manager.UserStoryManagerImpl$$FastClassBySpringCGLIB$$1b53f5e9.invoke(<generated>)
	at org.springframework.cglib.proxy.MethodProxy.invoke(MethodProxy.java:204)
	at org.springframework.aop.framework.CglibAopProxy$CglibMethodInvocation.invokeJoinpoint(CglibAopProxy.java:708)
	at org.springframework.aop.framework.ReflectiveMethodInvocation.proceed(ReflectiveMethodInvocation.java:157)
	at org.springframework.transaction.interceptor.TransactionInterceptor$1.proceedWithInvocation(TransactionInterceptor.java:98)
	at org.springframework.transaction.interceptor.TransactionAspectSupport.invokeWithinTransaction(TransactionAspectSupport.java:262)
	at org.springframework.transaction.interceptor.TransactionInterceptor.invoke(TransactionInterceptor.java:95)
	at org.springframework.aop.framework.ReflectiveMethodInvocation.proceed(ReflectiveMethodInvocation.java:179)
	at org.springframework.aop.framework.CglibAopProxy$DynamicAdvisedInterceptor.intercept(CglibAopProxy.java:644)
	at ie.flexx.jackanory.manager.UserStoryManagerImpl$$EnhancerBySpringCGLIB$$8058c80c.updateUserStory(<generated>)
	at ie.flexx.jackanory.tests.UserStoryRequirementImplIntegrationTest.testGetUserStoryRequirementList(UserStoryRequirementImplIntegrationTest.java:126)

testDeleteUserStoryRequirement(ie.flexx.jackanory.tests.UserStoryRequirementImplIntegrationTest)  Time elapsed: 0.844 sec  <<< ERROR!
javax.persistence.PersistenceException: org.hibernate.id.IdentifierGenerationException: ids for this class must be manually assigned before calling save(): ie.flexx.jackanory.data.UserStoryRequirementData
	at org.hibernate.id.Assigned.generate(Assigned.java:52)
	at org.hibernate.event.internal.AbstractSaveEventListener.saveWithGeneratedId(AbstractSaveEventListener.java:117)
	at org.hibernate.jpa.event.internal.core.JpaMergeEventListener.saveWithGeneratedId(JpaMergeEventListener.java:73)
	at org.hibernate.event.internal.DefaultMergeEventListener.saveTransientEntity(DefaultMergeEventListener.java:271)
	at org.hibernate.event.internal.DefaultMergeEventListener.entityIsTransient(DefaultMergeEventListener.java:251)
	at org.hibernate.event.internal.DefaultMergeEventListener.onMerge(DefaultMergeEventListener.java:189)
	at org.hibernate.internal.SessionImpl.fireMerge(SessionImpl.java:886)
	at org.hibernate.internal.SessionImpl.merge(SessionImpl.java:868)
	at org.hibernate.engine.spi.CascadingActions$6.cascade(CascadingActions.java:277)
	at org.hibernate.engine.internal.Cascade.cascadeToOne(Cascade.java:350)
	at org.hibernate.engine.internal.Cascade.cascadeAssociation(Cascade.java:293)
	at org.hibernate.engine.internal.Cascade.cascadeProperty(Cascade.java:161)
	at org.hibernate.engine.internal.Cascade.cascadeCollectionElements(Cascade.java:379)
	at org.hibernate.engine.internal.Cascade.cascadeCollection(Cascade.java:319)
	at org.hibernate.engine.internal.Cascade.cascadeAssociation(Cascade.java:296)
	at org.hibernate.engine.internal.Cascade.cascadeProperty(Cascade.java:161)
	at org.hibernate.engine.internal.Cascade.cascade(Cascade.java:118)
	at org.hibernate.event.internal.DefaultMergeEventListener.cascadeOnMerge(DefaultMergeEventListener.java:474)
	at org.hibernate.event.internal.DefaultMergeEventListener.entityIsPersistent(DefaultMergeEventListener.java:218)
	at org.hibernate.event.internal.DefaultMergeEventListener.onMerge(DefaultMergeEventListener.java:192)
	at org.hibernate.event.internal.DefaultMergeEventListener.onMerge(DefaultMergeEventListener.java:85)
	at org.hibernate.internal.SessionImpl.fireMerge(SessionImpl.java:876)
	at org.hibernate.internal.SessionImpl.merge(SessionImpl.java:858)
	at org.hibernate.internal.SessionImpl.merge(SessionImpl.java:863)
	at org.hibernate.jpa.spi.AbstractEntityManagerImpl.merge(AbstractEntityManagerImpl.java:1196)
	at sun.reflect.NativeMethodAccessorImpl.invoke0(Native Method)
	at sun.reflect.NativeMethodAccessorImpl.invoke(NativeMethodAccessorImpl.java:62)
	at sun.reflect.DelegatingMethodAccessorImpl.invoke(DelegatingMethodAccessorImpl.java:43)
	at java.lang.reflect.Method.invoke(Method.java:498)
	at org.springframework.orm.jpa.SharedEntityManagerCreator$SharedEntityManagerInvocationHandler.invoke(SharedEntityManagerCreator.java:289)
	at com.sun.proxy.$Proxy28.merge(Unknown Source)
	at ie.flexx.jackanory.data.dao.UserStoryDataDaoImpl.updateUserStoryData(UserStoryDataDaoImpl.java:41)
	at ie.flexx.jackanory.data.dao.UserStoryDataDaoImpl$$FastClassBySpringCGLIB$$2fb579d9.invoke(<generated>)
	at org.springframework.cglib.proxy.MethodProxy.invoke(MethodProxy.java:204)
	at org.springframework.aop.framework.CglibAopProxy$CglibMethodInvocation.invokeJoinpoint(CglibAopProxy.java:708)
	at org.springframework.aop.framework.ReflectiveMethodInvocation.proceed(ReflectiveMethodInvocation.java:157)
	at org.springframework.transaction.interceptor.TransactionInterceptor$1.proceedWithInvocation(TransactionInterceptor.java:98)
	at org.springframework.transaction.interceptor.TransactionAspectSupport.invokeWithinTransaction(TransactionAspectSupport.java:262)
	at org.springframework.transaction.interceptor.TransactionInterceptor.invoke(TransactionInterceptor.java:95)
	at org.springframework.aop.framework.ReflectiveMethodInvocation.proceed(ReflectiveMethodInvocation.java:179)
	at org.springframework.aop.framework.CglibAopProxy$DynamicAdvisedInterceptor.intercept(CglibAopProxy.java:644)
	at ie.flexx.jackanory.data.dao.UserStoryDataDaoImpl$$EnhancerBySpringCGLIB$$929f3dfc.updateUserStoryData(<generated>)
	at ie.flexx.jackanory.domain.dao.UserStoryDaoImpl.updateUserStory(UserStoryDaoImpl.java:43)
	at ie.flexx.jackanory.domain.dao.UserStoryDaoImpl$$FastClassBySpringCGLIB$$5f09e9c9.invoke(<generated>)
	at org.springframework.cglib.proxy.MethodProxy.invoke(MethodProxy.java:204)
	at org.springframework.aop.framework.CglibAopProxy$CglibMethodInvocation.invokeJoinpoint(CglibAopProxy.java:708)
	at org.springframework.aop.framework.ReflectiveMethodInvocation.proceed(ReflectiveMethodInvocation.java:157)
	at org.springframework.transaction.interceptor.TransactionInterceptor$1.proceedWithInvocation(TransactionInterceptor.java:98)
	at org.springframework.transaction.interceptor.TransactionAspectSupport.invokeWithinTransaction(TransactionAspectSupport.java:262)
	at org.springframework.transaction.interceptor.TransactionInterceptor.invoke(TransactionInterceptor.java:95)
	at org.springframework.aop.framework.ReflectiveMethodInvocation.proceed(ReflectiveMethodInvocation.java:179)
	at org.springframework.aop.framework.CglibAopProxy$DynamicAdvisedInterceptor.intercept(CglibAopProxy.java:644)
	at ie.flexx.jackanory.domain.dao.UserStoryDaoImpl$$EnhancerBySpringCGLIB$$ba471fec.updateUserStory(<generated>)
	at ie.flexx.jackanory.manager.UserStoryManagerImpl.updateUserStory(UserStoryManagerImpl.java:59)
	at ie.flexx.jackanory.manager.UserStoryManagerImpl$$FastClassBySpringCGLIB$$1b53f5e9.invoke(<generated>)
	at org.springframework.cglib.proxy.MethodProxy.invoke(MethodProxy.java:204)
	at org.springframework.aop.framework.CglibAopProxy$CglibMethodInvocation.invokeJoinpoint(CglibAopProxy.java:708)
	at org.springframework.aop.framework.ReflectiveMethodInvocation.proceed(ReflectiveMethodInvocation.java:157)
	at org.springframework.transaction.interceptor.TransactionInterceptor$1.proceedWithInvocation(TransactionInterceptor.java:98)
	at org.springframework.transaction.interceptor.TransactionAspectSupport.invokeWithinTransaction(TransactionAspectSupport.java:262)
	at org.springframework.transaction.interceptor.TransactionInterceptor.invoke(TransactionInterceptor.java:95)
	at org.springframework.aop.framework.ReflectiveMethodInvocation.proceed(ReflectiveMethodInvocation.java:179)
	at org.springframework.aop.framework.CglibAopProxy$DynamicAdvisedInterceptor.intercept(CglibAopProxy.java:644)
	at ie.flexx.jackanory.manager.UserStoryManagerImpl$$EnhancerBySpringCGLIB$$8058c80c.updateUserStory(<generated>)
	at ie.flexx.jackanory.tests.UserStoryRequirementImplIntegrationTest.testDeleteUserStoryRequirement(UserStoryRequirementImplIntegrationTest.java:207)

testCreateUserStoryRequirement(ie.flexx.jackanory.tests.UserStoryRequirementImplIntegrationTest)  Time elapsed: 0.603 sec  <<< ERROR!
javax.persistence.PersistenceException: org.hibernate.id.IdentifierGenerationException: ids for this class must be manually assigned before calling save(): ie.flexx.jackanory.data.UserStoryRequirementData
	at org.hibernate.id.Assigned.generate(Assigned.java:52)
	at org.hibernate.event.internal.AbstractSaveEventListener.saveWithGeneratedId(AbstractSaveEventListener.java:117)
	at org.hibernate.jpa.event.internal.core.JpaMergeEventListener.saveWithGeneratedId(JpaMergeEventListener.java:73)
	at org.hibernate.event.internal.DefaultMergeEventListener.saveTransientEntity(DefaultMergeEventListener.java:271)
	at org.hibernate.event.internal.DefaultMergeEventListener.entityIsTransient(DefaultMergeEventListener.java:251)
	at org.hibernate.event.internal.DefaultMergeEventListener.onMerge(DefaultMergeEventListener.java:189)
	at org.hibernate.internal.SessionImpl.fireMerge(SessionImpl.java:886)
	at org.hibernate.internal.SessionImpl.merge(SessionImpl.java:868)
	at org.hibernate.engine.spi.CascadingActions$6.cascade(CascadingActions.java:277)
	at org.hibernate.engine.internal.Cascade.cascadeToOne(Cascade.java:350)
	at org.hibernate.engine.internal.Cascade.cascadeAssociation(Cascade.java:293)
	at org.hibernate.engine.internal.Cascade.cascadeProperty(Cascade.java:161)
	at org.hibernate.engine.internal.Cascade.cascadeCollectionElements(Cascade.java:379)
	at org.hibernate.engine.internal.Cascade.cascadeCollection(Cascade.java:319)
	at org.hibernate.engine.internal.Cascade.cascadeAssociation(Cascade.java:296)
	at org.hibernate.engine.internal.Cascade.cascadeProperty(Cascade.java:161)
	at org.hibernate.engine.internal.Cascade.cascade(Cascade.java:118)
	at org.hibernate.event.internal.DefaultMergeEventListener.cascadeOnMerge(DefaultMergeEventListener.java:474)
	at org.hibernate.event.internal.DefaultMergeEventListener.entityIsPersistent(DefaultMergeEventListener.java:218)
	at org.hibernate.event.internal.DefaultMergeEventListener.onMerge(DefaultMergeEventListener.java:192)
	at org.hibernate.event.internal.DefaultMergeEventListener.onMerge(DefaultMergeEventListener.java:85)
	at org.hibernate.internal.SessionImpl.fireMerge(SessionImpl.java:876)
	at org.hibernate.internal.SessionImpl.merge(SessionImpl.java:858)
	at org.hibernate.internal.SessionImpl.merge(SessionImpl.java:863)
	at org.hibernate.jpa.spi.AbstractEntityManagerImpl.merge(AbstractEntityManagerImpl.java:1196)
	at sun.reflect.NativeMethodAccessorImpl.invoke0(Native Method)
	at sun.reflect.NativeMethodAccessorImpl.invoke(NativeMethodAccessorImpl.java:62)
	at sun.reflect.DelegatingMethodAccessorImpl.invoke(DelegatingMethodAccessorImpl.java:43)
	at java.lang.reflect.Method.invoke(Method.java:498)
	at org.springframework.orm.jpa.SharedEntityManagerCreator$SharedEntityManagerInvocationHandler.invoke(SharedEntityManagerCreator.java:289)
	at com.sun.proxy.$Proxy28.merge(Unknown Source)
	at ie.flexx.jackanory.data.dao.UserStoryDataDaoImpl.updateUserStoryData(UserStoryDataDaoImpl.java:41)
	at ie.flexx.jackanory.data.dao.UserStoryDataDaoImpl$$FastClassBySpringCGLIB$$2fb579d9.invoke(<generated>)
	at org.springframework.cglib.proxy.MethodProxy.invoke(MethodProxy.java:204)
	at org.springframework.aop.framework.CglibAopProxy$CglibMethodInvocation.invokeJoinpoint(CglibAopProxy.java:708)
	at org.springframework.aop.framework.ReflectiveMethodInvocation.proceed(ReflectiveMethodInvocation.java:157)
	at org.springframework.transaction.interceptor.TransactionInterceptor$1.proceedWithInvocation(TransactionInterceptor.java:98)
	at org.springframework.transaction.interceptor.TransactionAspectSupport.invokeWithinTransaction(TransactionAspectSupport.java:262)
	at org.springframework.transaction.interceptor.TransactionInterceptor.invoke(TransactionInterceptor.java:95)
	at org.springframework.aop.framework.ReflectiveMethodInvocation.proceed(ReflectiveMethodInvocation.java:179)
	at org.springframework.aop.framework.CglibAopProxy$DynamicAdvisedInterceptor.intercept(CglibAopProxy.java:644)
	at ie.flexx.jackanory.data.dao.UserStoryDataDaoImpl$$EnhancerBySpringCGLIB$$929f3dfc.updateUserStoryData(<generated>)
	at ie.flexx.jackanory.domain.dao.UserStoryDaoImpl.updateUserStory(UserStoryDaoImpl.java:43)
	at ie.flexx.jackanory.domain.dao.UserStoryDaoImpl$$FastClassBySpringCGLIB$$5f09e9c9.invoke(<generated>)
	at org.springframework.cglib.proxy.MethodProxy.invoke(MethodProxy.java:204)
	at org.springframework.aop.framework.CglibAopProxy$CglibMethodInvocation.invokeJoinpoint(CglibAopProxy.java:708)
	at org.springframework.aop.framework.ReflectiveMethodInvocation.proceed(ReflectiveMethodInvocation.java:157)
	at org.springframework.transaction.interceptor.TransactionInterceptor$1.proceedWithInvocation(TransactionInterceptor.java:98)
	at org.springframework.transaction.interceptor.TransactionAspectSupport.invokeWithinTransaction(TransactionAspectSupport.java:262)
	at org.springframework.transaction.interceptor.TransactionInterceptor.invoke(TransactionInterceptor.java:95)
	at org.springframework.aop.framework.ReflectiveMethodInvocation.proceed(ReflectiveMethodInvocation.java:179)
	at org.springframework.aop.framework.CglibAopProxy$DynamicAdvisedInterceptor.intercept(CglibAopProxy.java:644)
	at ie.flexx.jackanory.domain.dao.UserStoryDaoImpl$$EnhancerBySpringCGLIB$$ba471fec.updateUserStory(<generated>)
	at ie.flexx.jackanory.manager.UserStoryManagerImpl.updateUserStory(UserStoryManagerImpl.java:59)
	at ie.flexx.jackanory.manager.UserStoryManagerImpl$$FastClassBySpringCGLIB$$1b53f5e9.invoke(<generated>)
	at org.springframework.cglib.proxy.MethodProxy.invoke(MethodProxy.java:204)
	at org.springframework.aop.framework.CglibAopProxy$CglibMethodInvocation.invokeJoinpoint(CglibAopProxy.java:708)
	at org.springframework.aop.framework.ReflectiveMethodInvocation.proceed(ReflectiveMethodInvocation.java:157)
	at org.springframework.transaction.interceptor.TransactionInterceptor$1.proceedWithInvocation(TransactionInterceptor.java:98)
	at org.springframework.transaction.interceptor.TransactionAspectSupport.invokeWithinTransaction(TransactionAspectSupport.java:262)
	at org.springframework.transaction.interceptor.TransactionInterceptor.invoke(TransactionInterceptor.java:95)
	at org.springframework.aop.framework.ReflectiveMethodInvocation.proceed(ReflectiveMethodInvocation.java:179)
	at org.springframework.aop.framework.CglibAopProxy$DynamicAdvisedInterceptor.intercept(CglibAopProxy.java:644)
	at ie.flexx.jackanory.manager.UserStoryManagerImpl$$EnhancerBySpringCGLIB$$8058c80c.updateUserStory(<generated>)
	at ie.flexx.jackanory.tests.UserStoryRequirementImplIntegrationTest.testCreateUserStoryRequirement(UserStoryRequirementImplIntegrationTest.java:73)

