<?xml version="1.0" encoding="UTF-8"?>
<testsuite name="ie.flexx.jackanory.tests.UserStoryResearchImplIntegrationTest" time="32.216" tests="6" errors="4" skipped="0" failures="0">
  <properties>
[...]
</properties>
  <testcase name="testUpdateUserStoryResearch" classname="ie.flexx.jackanory.tests.UserStoryResearchImplIntegrationTest" time="27.275">
    <error message="org.hibernate.exception.DataException: could not execute statement" type="javax.persistence.PersistenceException"><![CDATA[javax.persistence.PersistenceException: org.hibernate.exception.DataException: could not execute statement
	at org.h2.message.DbException.getJdbcSQLException(DbException.java:345)
	at org.h2.message.DbException.get(DbException.java:179)
	at org.h2.table.Column.validateConvertUpdateSequence(Column.java:327)
	at org.h2.table.Table.validateConvertUpdateSequence(Table.java:743)
	at org.h2.command.dml.Insert.insertRows(Insert.java:151)
	at org.h2.command.dml.Insert.update(Insert.java:114)
	at org.h2.command.CommandContainer.update(CommandContainer.java:78)
	at org.h2.command.Command.executeUpdate(Command.java:254)
	at org.h2.jdbc.JdbcPreparedStatement.executeUpdateInternal(JdbcPreparedStatement.java:157)
	at org.h2.jdbc.JdbcPreparedStatement.executeUpdate(JdbcPreparedStatement.java:143)
	at org.hibernate.engine.jdbc.internal.ResultSetReturnImpl.executeUpdate(ResultSetReturnImpl.java:208)
	at org.hibernate.id.IdentityGenerator$GetGeneratedKeysDelegate.executeAndExtract(IdentityGenerator.java:96)
	at org.hibernate.id.insert.AbstractReturningDelegate.performInsert(AbstractReturningDelegate.java:58)
	at org.hibernate.persister.entity.AbstractEntityPersister.insert(AbstractEntityPersister.java:3032)
	at org.hibernate.persister.entity.AbstractEntityPersister.insert(AbstractEntityPersister.java:3558)
	at org.hibernate.action.internal.EntityIdentityInsertAction.execute(EntityIdentityInsertAction.java:98)
	at org.hibernate.engine.spi.ActionQueue.execute(ActionQueue.java:490)
	at org.hibernate.engine.spi.ActionQueue.addResolvedEntityInsertAction(ActionQueue.java:195)
	at org.hibernate.engine.spi.ActionQueue.addInsertAction(ActionQueue.java:179)
	at org.hibernate.engine.spi.ActionQueue.addAction(ActionQueue.java:214)
	at org.hibernate.event.internal.AbstractSaveEventListener.addInsertAction(AbstractSaveEventListener.java:324)
	at org.hibernate.event.internal.AbstractSaveEventListener.performSaveOrReplicate(AbstractSaveEventListener.java:288)
	at org.hibernate.event.internal.AbstractSaveEventListener.performSave(AbstractSaveEventListener.java:194)
	at org.hibernate.event.internal.AbstractSaveEventListener.saveWithGeneratedId(AbstractSaveEventListener.java:125)
	at org.hibernate.jpa.event.internal.core.JpaMergeEventListener.saveWithGeneratedId(JpaMergeEventListener.java:73)
	at org.hibernate.event.internal.DefaultMergeEventListener.saveTransientEntity(DefaultMergeEventListener.java:271)
	at org.hibernate.event.internal.DefaultMergeEventListener.entityIsTransient(DefaultMergeEventListener.java:251)
	at org.hibernate.event.internal.DefaultMergeEventListener.onMerge(DefaultMergeEventListener.java:189)
	at org.hibernate.internal.SessionImpl.fireMerge(SessionImpl.java:886)
	at org.hibernate.internal.SessionImpl.merge(SessionImpl.java:868)
	at org.hibernate.engine.spi.CascadingActions$6.cascade(CascadingActions.java:277)
	at org.hibernate.engine.internal.Cascade.cascadeToOne(Cascade.java:350)
	at org.hibernate.engine.internal.Cascade.cascadeAssociation(Cascade.java:293)
	at org.hibernate.engine.internal.Cascade.cascadeProperty(Cascade.java:161)
	at org.hibernate.engine.internal.Cascade.cascadeCollectionElements(Cascade.java:379)
	at org.hibernate.engine.internal.Cascade.cascadeCollection(Cascade.java:319)
	at org.hibernate.engine.internal.Cascade.cascadeAssociation(Cascade.java:296)
	at org.hibernate.engine.internal.Cascade.cascadeProperty(Cascade.java:161)
	at org.hibernate.engine.internal.Cascade.cascade(Cascade.java:118)
	at org.hibernate.event.internal.DefaultMergeEventListener.cascadeOnMerge(DefaultMergeEventListener.java:474)
	at org.hibernate.event.internal.DefaultMergeEventListener.entityIsPersistent(DefaultMergeEventListener.java:218)
	at org.hibernate.event.internal.DefaultMergeEventListener.onMerge(DefaultMergeEventListener.java:192)
	at org.hibernate.event.internal.DefaultMergeEventListener.onMerge(DefaultMergeEventListener.java:85)
	at org.hibernate.internal.SessionImpl.fireMerge(SessionImpl.java:876)
	at org.hibernate.internal.SessionImpl.merge(SessionImpl.java:858)
	at org.hibernate.internal.SessionImpl.merge(SessionImpl.java:863)
	at org.hibernate.jpa.spi.AbstractEntityManagerImpl.merge(AbstractEntityManagerImpl.java:1196)
	at sun.reflect.NativeMethodAccessorImpl.invoke0(Native Method)
	at sun.reflect.NativeMethodAccessorImpl.invoke(NativeMethodAccessorImpl.java:62)
	at sun.reflect.DelegatingMethodAccessorImpl.invoke(DelegatingMethodAccessorImpl.java:43)
	at java.lang.reflect.Method.invoke(Method.java:498)
	at org.springframework.orm.jpa.SharedEntityManagerCreator$SharedEntityManagerInvocationHandler.invoke(SharedEntityManagerCreator.java:289)
	at com.sun.proxy.$Proxy28.merge(Unknown Source)
	at ie.flexx.jackanory.data.dao.UserStoryDataDaoImpl.updateUserStoryData(UserStoryDataDaoImpl.java:41)
	at ie.flexx.jackanory.data.dao.UserStoryDataDaoImpl$$FastClassBySpringCGLIB$$2fb579d9.invoke(<generated>)
	at org.springframework.cglib.proxy.MethodProxy.invoke(MethodProxy.java:204)
	at org.springframework.aop.framework.CglibAopProxy$CglibMethodInvocation.invokeJoinpoint(CglibAopProxy.java:708)
	at org.springframework.aop.framework.ReflectiveMethodInvocation.proceed(ReflectiveMethodInvocation.java:157)
	at org.springframework.transaction.interceptor.TransactionInterceptor$1.proceedWithInvocation(TransactionInterceptor.java:98)
	at org.springframework.transaction.interceptor.TransactionAspectSupport.invokeWithinTransaction(TransactionAspectSupport.java:262)
	at org.springframework.transaction.interceptor.TransactionInterceptor.invoke(TransactionInterceptor.java:95)
	at org.springframework.aop.framework.ReflectiveMethodInvocation.proceed(ReflectiveMethodInvocation.java:179)
	at org.springframework.aop.framework.CglibAopProxy$DynamicAdvisedInterceptor.intercept(CglibAopProxy.java:644)
	at ie.flexx.jackanory.data.dao.UserStoryDataDaoImpl$$EnhancerBySpringCGLIB$$929f3dfc.updateUserStoryData(<generated>)
	at ie.flexx.jackanory.domain.dao.UserStoryDaoImpl.updateUserStory(UserStoryDaoImpl.java:43)
	at ie.flexx.jackanory.domain.dao.UserStoryDaoImpl$$FastClassBySpringCGLIB$$5f09e9c9.invoke(<generated>)
	at org.springframework.cglib.proxy.MethodProxy.invoke(MethodProxy.java:204)
	at org.springframework.aop.framework.CglibAopProxy$CglibMethodInvocation.invokeJoinpoint(CglibAopProxy.java:708)
	at org.springframework.aop.framework.ReflectiveMethodInvocation.proceed(ReflectiveMethodInvocation.java:157)
	at org.springframework.transaction.interceptor.TransactionInterceptor$1.proceedWithInvocation(TransactionInterceptor.java:98)
	at org.springframework.transaction.interceptor.TransactionAspectSupport.invokeWithinTransaction(TransactionAspectSupport.java:262)
	at org.springframework.transaction.interceptor.TransactionInterceptor.invoke(TransactionInterceptor.java:95)
	at org.springframework.aop.framework.ReflectiveMethodInvocation.proceed(ReflectiveMethodInvocation.java:179)
	at org.springframework.aop.framework.CglibAopProxy$DynamicAdvisedInterceptor.intercept(CglibAopProxy.java:644)
	at ie.flexx.jackanory.domain.dao.UserStoryDaoImpl$$EnhancerBySpringCGLIB$$ba471fec.updateUserStory(<generated>)
	at ie.flexx.jackanory.manager.UserStoryManagerImpl.updateUserStory(UserStoryManagerImpl.java:59)
	at ie.flexx.jackanory.manager.UserStoryManagerImpl$$FastClassBySpringCGLIB$$1b53f5e9.invoke(<generated>)
	at org.springframework.cglib.proxy.MethodProxy.invoke(MethodProxy.java:204)
	at org.springframework.aop.framework.CglibAopProxy$CglibMethodInvocation.invokeJoinpoint(CglibAopProxy.java:708)
	at org.springframework.aop.framework.ReflectiveMethodInvocation.proceed(ReflectiveMethodInvocation.java:157)
	at org.springframework.transaction.interceptor.TransactionInterceptor$1.proceedWithInvocation(TransactionInterceptor.java:98)
	at org.springframework.transaction.interceptor.TransactionAspectSupport.invokeWithinTransaction(TransactionAspectSupport.java:262)
	at org.springframework.transaction.interceptor.TransactionInterceptor.invoke(TransactionInterceptor.java:95)
	at org.springframework.aop.framework.ReflectiveMethodInvocation.proceed(ReflectiveMethodInvocation.java:179)
	at org.springframework.aop.framework.CglibAopProxy$DynamicAdvisedInterceptor.intercept(CglibAopProxy.java:644)
	at ie.flexx.jackanory.manager.UserStoryManagerImpl$$EnhancerBySpringCGLIB$$8058c80c.updateUserStory(<generated>)
	at ie.flexx.jackanory.tests.UserStoryResearchImplIntegrationTest.testUpdateUserStoryResearch(UserStoryResearchImplIntegrationTest.java:155)
]]></error>
    <system-out><![CDATA[Hibernate: 
    insert 
    into
        user_story
        (user_story_id, assigned_date, category, complexity, description, name, notes, sponsor_email, start_date, sub_category, version, workflow_state) 
    values
        (null, ?, ?, ?, ?, ?, ?, ?, ?, ?, ?, ?)
Hibernate: 
    insert 
    into
        user_story_research
        (user_story_research_id, research, source, userStoryData, version) 
    values
        (null, ?, ?, ?, ?)
]]></system-out>
    <system-err><![CDATA[Oct 23, 2018 9:17:07 PM org.springframework.test.context.TestContextManager retrieveTestExecutionListeners
INFO: Could not instantiate TestExecutionListener [org.springframework.test.context.web.ServletTestExecutionListener]. Specify custom listener classes or make the default listener classes (and their required dependencies) available. Offending class: [javax/servlet/ServletContext]
Oct 23, 2018 9:17:09 PM org.springframework.beans.factory.xml.XmlBeanDefinitionReader loadBeanDefinitions
INFO: Loading XML bean definitions from class path resource [database-setup.xml]
Oct 23, 2018 9:17:11 PM org.springframework.beans.factory.xml.XmlBeanDefinitionReader loadBeanDefinitions
INFO: Loading XML bean definitions from file [/home/mavit/Documents/Teste e outros/Flexx/JavaDeveloper/jackanory/jackanory-spring/jackanory-spring-spring/target/classes/spring/jackanory/manager.xml]
Oct 23, 2018 9:17:12 PM org.springframework.beans.factory.xml.XmlBeanDefinitionReader loadBeanDefinitions
INFO: Loading XML bean definitions from file [/home/mavit/Documents/Teste e outros/Flexx/JavaDeveloper/jackanory/jackanory-spring/jackanory-spring-spring/target/classes/spring/jackanory/data.xml]
Oct 23, 2018 9:17:12 PM org.springframework.beans.factory.xml.XmlBeanDefinitionReader loadBeanDefinitions
INFO: Loading XML bean definitions from file [/home/mavit/Documents/Teste e outros/Flexx/JavaDeveloper/jackanory/jackanory-spring/jackanory-spring-spring/target/classes/spring/jackanory/domain.xml]
Oct 23, 2018 9:17:12 PM org.springframework.context.support.GenericApplicationContext prepareRefresh
INFO: Refreshing org.springframework.context.support.GenericApplicationContext@4590c9c3: startup date [Tue Oct 23 21:17:12 IST 2018]; root of context hierarchy
Oct 23, 2018 9:17:14 PM org.springframework.jdbc.datasource.embedded.EmbeddedDatabaseFactory initDatabase
INFO: Creating embedded database 'dataSource'
Oct 23, 2018 9:17:15 PM org.springframework.orm.jpa.persistenceunit.PersistenceUnitReader determinePersistenceUnitRootUrl
INFO: persistence.xml should be located inside META-INF directory; cannot determine persistence unit root URL for class path resource [persistence.xml]
Oct 23, 2018 9:17:15 PM org.springframework.orm.jpa.LocalContainerEntityManagerFactoryBean createNativeEntityManagerFactory
INFO: Building JPA container EntityManagerFactory for persistence unit 'persistence-domain'
Oct 23, 2018 9:17:16 PM org.hibernate.jpa.internal.util.LogHelper logPersistenceUnitInformation
INFO: HHH000204: Processing PersistenceUnitInfo [
	name: persistence-domain
	...]
Oct 23, 2018 9:17:24 PM org.hibernate.Version logVersion
INFO: HHH000412: Hibernate Core {4.3.7.Final}
Oct 23, 2018 9:17:24 PM org.hibernate.cfg.Environment <clinit>
INFO: HHH000206: hibernate.properties not found
Oct 23, 2018 9:17:25 PM org.hibernate.cfg.Environment buildBytecodeProvider
INFO: HHH000021: Bytecode provider name : javassist
Oct 23, 2018 9:17:28 PM org.hibernate.annotations.common.reflection.java.JavaReflectionManager <clinit>
INFO: HCANN000001: Hibernate Commons Annotations {4.0.5.Final}
Oct 23, 2018 9:17:29 PM org.hibernate.dialect.Dialect <init>
INFO: HHH000400: Using dialect: org.hibernate.dialect.H2Dialect
Oct 23, 2018 9:17:30 PM org.hibernate.hql.internal.ast.ASTQueryTranslatorFactory <init>
INFO: HHH000397: Using ASTQueryTranslatorFactory
Oct 23, 2018 9:17:33 PM org.hibernate.tool.hbm2ddl.SchemaUpdate execute
INFO: HHH000228: Running hbm2ddl schema update
Oct 23, 2018 9:17:33 PM org.hibernate.tool.hbm2ddl.SchemaUpdate execute
INFO: HHH000102: Fetching database metadata
Oct 23, 2018 9:17:33 PM org.hibernate.tool.hbm2ddl.SchemaUpdate execute
INFO: HHH000396: Updating schema
Oct 23, 2018 9:17:33 PM org.hibernate.tool.hbm2ddl.DatabaseMetadata getTableMetadata
INFO: HHH000262: Table not found: user_story
Oct 23, 2018 9:17:33 PM org.hibernate.tool.hbm2ddl.DatabaseMetadata getTableMetadata
INFO: HHH000262: Table not found: user_story_requirement
Oct 23, 2018 9:17:33 PM org.hibernate.tool.hbm2ddl.DatabaseMetadata getTableMetadata
INFO: HHH000262: Table not found: user_story_research
Oct 23, 2018 9:17:33 PM org.hibernate.tool.hbm2ddl.DatabaseMetadata getTableMetadata
INFO: HHH000262: Table not found: user_story
Oct 23, 2018 9:17:33 PM org.hibernate.tool.hbm2ddl.DatabaseMetadata getTableMetadata
INFO: HHH000262: Table not found: user_story_requirement
Oct 23, 2018 9:17:33 PM org.hibernate.tool.hbm2ddl.DatabaseMetadata getTableMetadata
INFO: HHH000262: Table not found: user_story_research
Oct 23, 2018 9:17:33 PM org.hibernate.tool.hbm2ddl.DatabaseMetadata getTableMetadata
INFO: HHH000262: Table not found: user_story
Oct 23, 2018 9:17:33 PM org.hibernate.tool.hbm2ddl.DatabaseMetadata getTableMetadata
INFO: HHH000262: Table not found: user_story_requirement
Oct 23, 2018 9:17:33 PM org.hibernate.tool.hbm2ddl.DatabaseMetadata getTableMetadata
INFO: HHH000262: Table not found: user_story_research
Oct 23, 2018 9:17:33 PM org.hibernate.tool.hbm2ddl.SchemaUpdate execute
ERROR: HHH000388: Unsuccessful: alter table user_story_requirement add constraint FK_fexnf5u4a9isl8mnetis1yuw2 foreign key (user_story_id) references user_story_research
Oct 23, 2018 9:17:33 PM org.hibernate.tool.hbm2ddl.SchemaUpdate execute
ERROR: Constraint "FK_FEXNF5U4A9ISL8MNETIS1YUW2" already exists; SQL statement:

    alter table user_story_requirement 
        add constraint FK_fexnf5u4a9isl8mnetis1yuw2 
        foreign key (user_story_id) 
        references user_story_research [90045-183]
Oct 23, 2018 9:17:33 PM org.hibernate.tool.hbm2ddl.SchemaUpdate execute
INFO: HHH000232: Schema update complete
Oct 23, 2018 9:17:34 PM org.springframework.test.context.transaction.TransactionalTestExecutionListener startNewTransaction
INFO: Began transaction (1) for test context [DefaultTestContext@340b7ef6 testClass = UserStoryResearchImplIntegrationTest, testInstance = ie.flexx.jackanory.tests.UserStoryResearchImplIntegrationTest@30404dba, testMethod = testUpdateUserStoryResearch@UserStoryResearchImplIntegrationTest, testException = [null], mergedContextConfiguration = [MergedContextConfiguration@6050462a testClass = UserStoryResearchImplIntegrationTest, locations = '{classpath:database-setup.xml}', classes = '{}', contextInitializerClasses = '[]', activeProfiles = '{}', contextLoader = 'org.springframework.test.context.support.DelegatingSmartContextLoader', parent = [null]]]; transaction manager [org.springframework.orm.jpa.JpaTransactionManager@4c0884e8]; rollback [true]
Oct 23, 2018 9:17:35 PM org.hibernate.engine.jdbc.spi.SqlExceptionHelper logExceptions
WARN: SQL Error: 22001, SQLState: 22001
Oct 23, 2018 9:17:35 PM org.hibernate.engine.jdbc.spi.SqlExceptionHelper logExceptions
ERROR: Value too long for column "USERSTORYDATA BINARY(255)": "X'aced00057372002569652e666c6578782e6a61636b616e6f72792e646174612e5573657253746f72794461746187392728a9d1bc0f02000e4c000c61737369... (1065)"; SQL statement:
insert into user_story_research (user_story_research_id, research, source, userStoryData, version) values (null, ?, ?, ?, ?) [22001-183]
Oct 23, 2018 9:17:35 PM org.springframework.test.context.transaction.TransactionalTestExecutionListener endTransaction
INFO: Rolled back transaction after test execution for test context [DefaultTestContext@340b7ef6 testClass = UserStoryResearchImplIntegrationTest, testInstance = ie.flexx.jackanory.tests.UserStoryResearchImplIntegrationTest@30404dba, testMethod = testUpdateUserStoryResearch@UserStoryResearchImplIntegrationTest, testException = javax.persistence.PersistenceException: org.hibernate.exception.DataException: could not execute statement, mergedContextConfiguration = [MergedContextConfiguration@6050462a testClass = UserStoryResearchImplIntegrationTest, locations = '{classpath:database-setup.xml}', classes = '{}', contextInitializerClasses = '[]', activeProfiles = '{}', contextLoader = 'org.springframework.test.context.support.DelegatingSmartContextLoader', parent = [null]]]
Oct 23, 2018 9:17:35 PM org.springframework.context.support.GenericApplicationContext doClose
INFO: Closing org.springframework.context.support.GenericApplicationContext@4590c9c3: startup date [Tue Oct 23 21:17:12 IST 2018]; root of context hierarchy
Oct 23, 2018 9:17:35 PM org.springframework.orm.jpa.LocalContainerEntityManagerFactoryBean destroy
INFO: Closing JPA EntityManagerFactory for persistence unit 'persistence-domain'
]]></system-err>
  </testcase>
  <testcase name="testInitialiseUserStoryRequirement" classname="ie.flexx.jackanory.tests.UserStoryResearchImplIntegrationTest" time="1.07"/>
  <testcase name="testDeleteUserStoryResearch" classname="ie.flexx.jackanory.tests.UserStoryResearchImplIntegrationTest" time="1.234">
    <error message="org.hibernate.exception.DataException: could not execute statement" type="javax.persistence.PersistenceException"><![CDATA[javax.persistence.PersistenceException: org.hibernate.exception.DataException: could not execute statement
	at org.h2.message.DbException.getJdbcSQLException(DbException.java:345)
	at org.h2.message.DbException.get(DbException.java:179)
	at org.h2.table.Column.validateConvertUpdateSequence(Column.java:327)
	at org.h2.table.Table.validateConvertUpdateSequence(Table.java:743)
	at org.h2.command.dml.Insert.insertRows(Insert.java:151)
	at org.h2.command.dml.Insert.update(Insert.java:114)
	at org.h2.command.CommandContainer.update(CommandContainer.java:78)
	at org.h2.command.Command.executeUpdate(Command.java:254)
	at org.h2.jdbc.JdbcPreparedStatement.executeUpdateInternal(JdbcPreparedStatement.java:157)
	at org.h2.jdbc.JdbcPreparedStatement.executeUpdate(JdbcPreparedStatement.java:143)
	at org.hibernate.engine.jdbc.internal.ResultSetReturnImpl.executeUpdate(ResultSetReturnImpl.java:208)
	at org.hibernate.id.IdentityGenerator$GetGeneratedKeysDelegate.executeAndExtract(IdentityGenerator.java:96)
	at org.hibernate.id.insert.AbstractReturningDelegate.performInsert(AbstractReturningDelegate.java:58)
	at org.hibernate.persister.entity.AbstractEntityPersister.insert(AbstractEntityPersister.java:3032)
	at org.hibernate.persister.entity.AbstractEntityPersister.insert(AbstractEntityPersister.java:3558)
	at org.hibernate.action.internal.EntityIdentityInsertAction.execute(EntityIdentityInsertAction.java:98)
	at org.hibernate.engine.spi.ActionQueue.execute(ActionQueue.java:490)
	at org.hibernate.engine.spi.ActionQueue.addResolvedEntityInsertAction(ActionQueue.java:195)
	at org.hibernate.engine.spi.ActionQueue.addInsertAction(ActionQueue.java:179)
	at org.hibernate.engine.spi.ActionQueue.addAction(ActionQueue.java:214)
	at org.hibernate.event.internal.AbstractSaveEventListener.addInsertAction(AbstractSaveEventListener.java:324)
	at org.hibernate.event.internal.AbstractSaveEventListener.performSaveOrReplicate(AbstractSaveEventListener.java:288)
	at org.hibernate.event.internal.AbstractSaveEventListener.performSave(AbstractSaveEventListener.java:194)
	at org.hibernate.event.internal.AbstractSaveEventListener.saveWithGeneratedId(AbstractSaveEventListener.java:125)
	at org.hibernate.jpa.event.internal.core.JpaMergeEventListener.saveWithGeneratedId(JpaMergeEventListener.java:73)
	at org.hibernate.event.internal.DefaultMergeEventListener.saveTransientEntity(DefaultMergeEventListener.java:271)
	at org.hibernate.event.internal.DefaultMergeEventListener.entityIsTransient(DefaultMergeEventListener.java:251)
	at org.hibernate.event.internal.DefaultMergeEventListener.onMerge(DefaultMergeEventListener.java:189)
	at org.hibernate.internal.SessionImpl.fireMerge(SessionImpl.java:886)
	at org.hibernate.internal.SessionImpl.merge(SessionImpl.java:868)
	at org.hibernate.engine.spi.CascadingActions$6.cascade(CascadingActions.java:277)
	at org.hibernate.engine.internal.Cascade.cascadeToOne(Cascade.java:350)
	at org.hibernate.engine.internal.Cascade.cascadeAssociation(Cascade.java:293)
	at org.hibernate.engine.internal.Cascade.cascadeProperty(Cascade.java:161)
	at org.hibernate.engine.internal.Cascade.cascadeCollectionElements(Cascade.java:379)
	at org.hibernate.engine.internal.Cascade.cascadeCollection(Cascade.java:319)
	at org.hibernate.engine.internal.Cascade.cascadeAssociation(Cascade.java:296)
	at org.hibernate.engine.internal.Cascade.cascadeProperty(Cascade.java:161)
	at org.hibernate.engine.internal.Cascade.cascade(Cascade.java:118)
	at org.hibernate.event.internal.DefaultMergeEventListener.cascadeOnMerge(DefaultMergeEventListener.java:474)
	at org.hibernate.event.internal.DefaultMergeEventListener.entityIsPersistent(DefaultMergeEventListener.java:218)
	at org.hibernate.event.internal.DefaultMergeEventListener.onMerge(DefaultMergeEventListener.java:192)
	at org.hibernate.event.internal.DefaultMergeEventListener.onMerge(DefaultMergeEventListener.java:85)
	at org.hibernate.internal.SessionImpl.fireMerge(SessionImpl.java:876)
	at org.hibernate.internal.SessionImpl.merge(SessionImpl.java:858)
	at org.hibernate.internal.SessionImpl.merge(SessionImpl.java:863)
	at org.hibernate.jpa.spi.AbstractEntityManagerImpl.merge(AbstractEntityManagerImpl.java:1196)
	at sun.reflect.NativeMethodAccessorImpl.invoke0(Native Method)
	at sun.reflect.NativeMethodAccessorImpl.invoke(NativeMethodAccessorImpl.java:62)
	at sun.reflect.DelegatingMethodAccessorImpl.invoke(DelegatingMethodAccessorImpl.java:43)
	at java.lang.reflect.Method.invoke(Method.java:498)
	at org.springframework.orm.jpa.SharedEntityManagerCreator$SharedEntityManagerInvocationHandler.invoke(SharedEntityManagerCreator.java:289)
	at com.sun.proxy.$Proxy28.merge(Unknown Source)
	at ie.flexx.jackanory.data.dao.UserStoryDataDaoImpl.updateUserStoryData(UserStoryDataDaoImpl.java:41)
	at ie.flexx.jackanory.data.dao.UserStoryDataDaoImpl$$FastClassBySpringCGLIB$$2fb579d9.invoke(<generated>)
	at org.springframework.cglib.proxy.MethodProxy.invoke(MethodProxy.java:204)
	at org.springframework.aop.framework.CglibAopProxy$CglibMethodInvocation.invokeJoinpoint(CglibAopProxy.java:708)
	at org.springframework.aop.framework.ReflectiveMethodInvocation.proceed(ReflectiveMethodInvocation.java:157)
	at org.springframework.transaction.interceptor.TransactionInterceptor$1.proceedWithInvocation(TransactionInterceptor.java:98)
	at org.springframework.transaction.interceptor.TransactionAspectSupport.invokeWithinTransaction(TransactionAspectSupport.java:262)
	at org.springframework.transaction.interceptor.TransactionInterceptor.invoke(TransactionInterceptor.java:95)
	at org.springframework.aop.framework.ReflectiveMethodInvocation.proceed(ReflectiveMethodInvocation.java:179)
	at org.springframework.aop.framework.CglibAopProxy$DynamicAdvisedInterceptor.intercept(CglibAopProxy.java:644)
	at ie.flexx.jackanory.data.dao.UserStoryDataDaoImpl$$EnhancerBySpringCGLIB$$929f3dfc.updateUserStoryData(<generated>)
	at ie.flexx.jackanory.domain.dao.UserStoryDaoImpl.updateUserStory(UserStoryDaoImpl.java:43)
	at ie.flexx.jackanory.domain.dao.UserStoryDaoImpl$$FastClassBySpringCGLIB$$5f09e9c9.invoke(<generated>)
	at org.springframework.cglib.proxy.MethodProxy.invoke(MethodProxy.java:204)
	at org.springframework.aop.framework.CglibAopProxy$CglibMethodInvocation.invokeJoinpoint(CglibAopProxy.java:708)
	at org.springframework.aop.framework.ReflectiveMethodInvocation.proceed(ReflectiveMethodInvocation.java:157)
	at org.springframework.transaction.interceptor.TransactionInterceptor$1.proceedWithInvocation(TransactionInterceptor.java:98)
	at org.springframework.transaction.interceptor.TransactionAspectSupport.invokeWithinTransaction(TransactionAspectSupport.java:262)
	at org.springframework.transaction.interceptor.TransactionInterceptor.invoke(TransactionInterceptor.java:95)
	at org.springframework.aop.framework.ReflectiveMethodInvocation.proceed(ReflectiveMethodInvocation.java:179)
	at org.springframework.aop.framework.CglibAopProxy$DynamicAdvisedInterceptor.intercept(CglibAopProxy.java:644)
	at ie.flexx.jackanory.domain.dao.UserStoryDaoImpl$$EnhancerBySpringCGLIB$$ba471fec.updateUserStory(<generated>)
	at ie.flexx.jackanory.manager.UserStoryManagerImpl.updateUserStory(UserStoryManagerImpl.java:59)
	at ie.flexx.jackanory.manager.UserStoryManagerImpl$$FastClassBySpringCGLIB$$1b53f5e9.invoke(<generated>)
	at org.springframework.cglib.proxy.MethodProxy.invoke(MethodProxy.java:204)
	at org.springframework.aop.framework.CglibAopProxy$CglibMethodInvocation.invokeJoinpoint(CglibAopProxy.java:708)
	at org.springframework.aop.framework.ReflectiveMethodInvocation.proceed(ReflectiveMethodInvocation.java:157)
	at org.springframework.transaction.interceptor.TransactionInterceptor$1.proceedWithInvocation(TransactionInterceptor.java:98)
	at org.springframework.transaction.interceptor.TransactionAspectSupport.invokeWithinTransaction(TransactionAspectSupport.java:262)
	at org.springframework.transaction.interceptor.TransactionInterceptor.invoke(TransactionInterceptor.java:95)
	at org.springframework.aop.framework.ReflectiveMethodInvocation.proceed(ReflectiveMethodInvocation.java:179)
	at org.springframework.aop.framework.CglibAopProxy$DynamicAdvisedInterceptor.intercept(CglibAopProxy.java:644)
	at ie.flexx.jackanory.manager.UserStoryManagerImpl$$EnhancerBySpringCGLIB$$8058c80c.updateUserStory(<generated>)
	at ie.flexx.jackanory.tests.UserStoryResearchImplIntegrationTest.testDeleteUserStoryResearch(UserStoryResearchImplIntegrationTest.java:211)
]]></error>
    <system-out><![CDATA[Hibernate: 
    insert 
    into
        user_story
        (user_story_id, assigned_date, category, complexity, description, name, notes, sponsor_email, start_date, sub_category, version, workflow_state) 
    values
        (null, ?, ?, ?, ?, ?, ?, ?, ?, ?, ?, ?)
Hibernate: 
    insert 
    into
        user_story
        (user_story_id, assigned_date, category, complexity, description, name, notes, sponsor_email, start_date, sub_category, version, workflow_state) 
    values
        (null, ?, ?, ?, ?, ?, ?, ?, ?, ?, ?, ?)
Hibernate: 
    insert 
    into
        user_story_research
        (user_story_research_id, research, source, userStoryData, version) 
    values
        (null, ?, ?, ?, ?)
]]></system-out>
    <system-err><![CDATA[Oct 23, 2018 9:17:36 PM org.springframework.beans.factory.xml.XmlBeanDefinitionReader loadBeanDefinitions
INFO: Loading XML bean definitions from class path resource [database-setup.xml]
Oct 23, 2018 9:17:36 PM org.springframework.beans.factory.xml.XmlBeanDefinitionReader loadBeanDefinitions
INFO: Loading XML bean definitions from file [/home/mavit/Documents/Teste e outros/Flexx/JavaDeveloper/jackanory/jackanory-spring/jackanory-spring-spring/target/classes/spring/jackanory/manager.xml]
Oct 23, 2018 9:17:36 PM org.springframework.beans.factory.xml.XmlBeanDefinitionReader loadBeanDefinitions
INFO: Loading XML bean definitions from file [/home/mavit/Documents/Teste e outros/Flexx/JavaDeveloper/jackanory/jackanory-spring/jackanory-spring-spring/target/classes/spring/jackanory/data.xml]
Oct 23, 2018 9:17:36 PM org.springframework.beans.factory.xml.XmlBeanDefinitionReader loadBeanDefinitions
INFO: Loading XML bean definitions from file [/home/mavit/Documents/Teste e outros/Flexx/JavaDeveloper/jackanory/jackanory-spring/jackanory-spring-spring/target/classes/spring/jackanory/domain.xml]
Oct 23, 2018 9:17:36 PM org.springframework.context.support.GenericApplicationContext prepareRefresh
INFO: Refreshing org.springframework.context.support.GenericApplicationContext@de88ac6: startup date [Tue Oct 23 21:17:36 IST 2018]; root of context hierarchy
Oct 23, 2018 9:17:36 PM org.springframework.jdbc.datasource.embedded.EmbeddedDatabaseFactory initDatabase
INFO: Creating embedded database 'dataSource'
Oct 23, 2018 9:17:36 PM org.springframework.orm.jpa.persistenceunit.PersistenceUnitReader determinePersistenceUnitRootUrl
INFO: persistence.xml should be located inside META-INF directory; cannot determine persistence unit root URL for class path resource [persistence.xml]
Oct 23, 2018 9:17:36 PM org.springframework.orm.jpa.LocalContainerEntityManagerFactoryBean createNativeEntityManagerFactory
INFO: Building JPA container EntityManagerFactory for persistence unit 'persistence-domain'
Oct 23, 2018 9:17:36 PM org.hibernate.jpa.internal.util.LogHelper logPersistenceUnitInformation
INFO: HHH000204: Processing PersistenceUnitInfo [
	name: persistence-domain
	...]
Oct 23, 2018 9:17:37 PM org.hibernate.dialect.Dialect <init>
INFO: HHH000400: Using dialect: org.hibernate.dialect.H2Dialect
Oct 23, 2018 9:17:37 PM org.hibernate.hql.internal.ast.ASTQueryTranslatorFactory <init>
INFO: HHH000397: Using ASTQueryTranslatorFactory
Oct 23, 2018 9:17:37 PM org.hibernate.tool.hbm2ddl.SchemaUpdate execute
INFO: HHH000228: Running hbm2ddl schema update
Oct 23, 2018 9:17:37 PM org.hibernate.tool.hbm2ddl.SchemaUpdate execute
INFO: HHH000102: Fetching database metadata
Oct 23, 2018 9:17:37 PM org.hibernate.tool.hbm2ddl.SchemaUpdate execute
INFO: HHH000396: Updating schema
Oct 23, 2018 9:17:37 PM org.hibernate.tool.hbm2ddl.DatabaseMetadata getTableMetadata
INFO: HHH000262: Table not found: user_story
Oct 23, 2018 9:17:37 PM org.hibernate.tool.hbm2ddl.DatabaseMetadata getTableMetadata
INFO: HHH000262: Table not found: user_story_requirement
Oct 23, 2018 9:17:37 PM org.hibernate.tool.hbm2ddl.DatabaseMetadata getTableMetadata
INFO: HHH000262: Table not found: user_story_research
Oct 23, 2018 9:17:37 PM org.hibernate.tool.hbm2ddl.DatabaseMetadata getTableMetadata
INFO: HHH000262: Table not found: user_story
Oct 23, 2018 9:17:37 PM org.hibernate.tool.hbm2ddl.DatabaseMetadata getTableMetadata
INFO: HHH000262: Table not found: user_story_requirement
Oct 23, 2018 9:17:37 PM org.hibernate.tool.hbm2ddl.DatabaseMetadata getTableMetadata
INFO: HHH000262: Table not found: user_story_research
Oct 23, 2018 9:17:37 PM org.hibernate.tool.hbm2ddl.DatabaseMetadata getTableMetadata
INFO: HHH000262: Table not found: user_story
Oct 23, 2018 9:17:37 PM org.hibernate.tool.hbm2ddl.DatabaseMetadata getTableMetadata
INFO: HHH000262: Table not found: user_story_requirement
Oct 23, 2018 9:17:37 PM org.hibernate.tool.hbm2ddl.DatabaseMetadata getTableMetadata
INFO: HHH000262: Table not found: user_story_research
Oct 23, 2018 9:17:37 PM org.hibernate.tool.hbm2ddl.SchemaUpdate execute
ERROR: HHH000388: Unsuccessful: alter table user_story_requirement add constraint FK_fexnf5u4a9isl8mnetis1yuw2 foreign key (user_story_id) references user_story_research
Oct 23, 2018 9:17:37 PM org.hibernate.tool.hbm2ddl.SchemaUpdate execute
ERROR: Constraint "FK_FEXNF5U4A9ISL8MNETIS1YUW2" already exists; SQL statement:

    alter table user_story_requirement 
        add constraint FK_fexnf5u4a9isl8mnetis1yuw2 
        foreign key (user_story_id) 
        references user_story_research [90045-183]
Oct 23, 2018 9:17:37 PM org.hibernate.tool.hbm2ddl.SchemaUpdate execute
INFO: HHH000232: Schema update complete
Oct 23, 2018 9:17:37 PM org.springframework.test.context.transaction.TransactionalTestExecutionListener startNewTransaction
INFO: Began transaction (3) for test context [DefaultTestContext@340b7ef6 testClass = UserStoryResearchImplIntegrationTest, testInstance = ie.flexx.jackanory.tests.UserStoryResearchImplIntegrationTest@6d9fb2d1, testMethod = testDeleteUserStoryResearch@UserStoryResearchImplIntegrationTest, testException = [null], mergedContextConfiguration = [MergedContextConfiguration@6050462a testClass = UserStoryResearchImplIntegrationTest, locations = '{classpath:database-setup.xml}', classes = '{}', contextInitializerClasses = '[]', activeProfiles = '{}', contextLoader = 'org.springframework.test.context.support.DelegatingSmartContextLoader', parent = [null]]]; transaction manager [org.springframework.orm.jpa.JpaTransactionManager@61fafb74]; rollback [true]
Oct 23, 2018 9:17:37 PM org.hibernate.engine.jdbc.spi.SqlExceptionHelper logExceptions
WARN: SQL Error: 22001, SQLState: 22001
Oct 23, 2018 9:17:37 PM org.hibernate.engine.jdbc.spi.SqlExceptionHelper logExceptions
ERROR: Value too long for column "USERSTORYDATA BINARY(255)": "X'aced00057372002569652e666c6578782e6a61636b616e6f72792e646174612e5573657253746f72794461746187392728a9d1bc0f02000e4c000c61737369... (1065)"; SQL statement:
insert into user_story_research (user_story_research_id, research, source, userStoryData, version) values (null, ?, ?, ?, ?) [22001-183]
Oct 23, 2018 9:17:37 PM org.springframework.test.context.transaction.TransactionalTestExecutionListener endTransaction
INFO: Rolled back transaction after test execution for test context [DefaultTestContext@340b7ef6 testClass = UserStoryResearchImplIntegrationTest, testInstance = ie.flexx.jackanory.tests.UserStoryResearchImplIntegrationTest@6d9fb2d1, testMethod = testDeleteUserStoryResearch@UserStoryResearchImplIntegrationTest, testException = javax.persistence.PersistenceException: org.hibernate.exception.DataException: could not execute statement, mergedContextConfiguration = [MergedContextConfiguration@6050462a testClass = UserStoryResearchImplIntegrationTest, locations = '{classpath:database-setup.xml}', classes = '{}', contextInitializerClasses = '[]', activeProfiles = '{}', contextLoader = 'org.springframework.test.context.support.DelegatingSmartContextLoader', parent = [null]]]
Oct 23, 2018 9:17:37 PM org.springframework.context.support.GenericApplicationContext doClose
INFO: Closing org.springframework.context.support.GenericApplicationContext@de88ac6: startup date [Tue Oct 23 21:17:36 IST 2018]; root of context hierarchy
Oct 23, 2018 9:17:37 PM org.springframework.orm.jpa.LocalContainerEntityManagerFactoryBean destroy
INFO: Closing JPA EntityManagerFactory for persistence unit 'persistence-domain'
]]></system-err>
  </testcase>
  <testcase name="testDefaultInitialiseUserStoryResearch" classname="ie.flexx.jackanory.tests.UserStoryResearchImplIntegrationTest" time="0.836"/>
  <testcase name="testGetUserStoryResearchList" classname="ie.flexx.jackanory.tests.UserStoryResearchImplIntegrationTest" time="1.325">
    <error message="org.hibernate.exception.DataException: could not execute statement" type="javax.persistence.PersistenceException"><![CDATA[javax.persistence.PersistenceException: org.hibernate.exception.DataException: could not execute statement
	at org.h2.message.DbException.getJdbcSQLException(DbException.java:345)
	at org.h2.message.DbException.get(DbException.java:179)
	at org.h2.table.Column.validateConvertUpdateSequence(Column.java:327)
	at org.h2.table.Table.validateConvertUpdateSequence(Table.java:743)
	at org.h2.command.dml.Insert.insertRows(Insert.java:151)
	at org.h2.command.dml.Insert.update(Insert.java:114)
	at org.h2.command.CommandContainer.update(CommandContainer.java:78)
	at org.h2.command.Command.executeUpdate(Command.java:254)
	at org.h2.jdbc.JdbcPreparedStatement.executeUpdateInternal(JdbcPreparedStatement.java:157)
	at org.h2.jdbc.JdbcPreparedStatement.executeUpdate(JdbcPreparedStatement.java:143)
	at org.hibernate.engine.jdbc.internal.ResultSetReturnImpl.executeUpdate(ResultSetReturnImpl.java:208)
	at org.hibernate.id.IdentityGenerator$GetGeneratedKeysDelegate.executeAndExtract(IdentityGenerator.java:96)
	at org.hibernate.id.insert.AbstractReturningDelegate.performInsert(AbstractReturningDelegate.java:58)
	at org.hibernate.persister.entity.AbstractEntityPersister.insert(AbstractEntityPersister.java:3032)
	at org.hibernate.persister.entity.AbstractEntityPersister.insert(AbstractEntityPersister.java:3558)
	at org.hibernate.action.internal.EntityIdentityInsertAction.execute(EntityIdentityInsertAction.java:98)
	at org.hibernate.engine.spi.ActionQueue.execute(ActionQueue.java:490)
	at org.hibernate.engine.spi.ActionQueue.addResolvedEntityInsertAction(ActionQueue.java:195)
	at org.hibernate.engine.spi.ActionQueue.addInsertAction(ActionQueue.java:179)
	at org.hibernate.engine.spi.ActionQueue.addAction(ActionQueue.java:214)
	at org.hibernate.event.internal.AbstractSaveEventListener.addInsertAction(AbstractSaveEventListener.java:324)
	at org.hibernate.event.internal.AbstractSaveEventListener.performSaveOrReplicate(AbstractSaveEventListener.java:288)
	at org.hibernate.event.internal.AbstractSaveEventListener.performSave(AbstractSaveEventListener.java:194)
	at org.hibernate.event.internal.AbstractSaveEventListener.saveWithGeneratedId(AbstractSaveEventListener.java:125)
	at org.hibernate.jpa.event.internal.core.JpaMergeEventListener.saveWithGeneratedId(JpaMergeEventListener.java:73)
	at org.hibernate.event.internal.DefaultMergeEventListener.saveTransientEntity(DefaultMergeEventListener.java:271)
	at org.hibernate.event.internal.DefaultMergeEventListener.entityIsTransient(DefaultMergeEventListener.java:251)
	at org.hibernate.event.internal.DefaultMergeEventListener.onMerge(DefaultMergeEventListener.java:189)
	at org.hibernate.internal.SessionImpl.fireMerge(SessionImpl.java:886)
	at org.hibernate.internal.SessionImpl.merge(SessionImpl.java:868)
	at org.hibernate.engine.spi.CascadingActions$6.cascade(CascadingActions.java:277)
	at org.hibernate.engine.internal.Cascade.cascadeToOne(Cascade.java:350)
	at org.hibernate.engine.internal.Cascade.cascadeAssociation(Cascade.java:293)
	at org.hibernate.engine.internal.Cascade.cascadeProperty(Cascade.java:161)
	at org.hibernate.engine.internal.Cascade.cascadeCollectionElements(Cascade.java:379)
	at org.hibernate.engine.internal.Cascade.cascadeCollection(Cascade.java:319)
	at org.hibernate.engine.internal.Cascade.cascadeAssociation(Cascade.java:296)
	at org.hibernate.engine.internal.Cascade.cascadeProperty(Cascade.java:161)
	at org.hibernate.engine.internal.Cascade.cascade(Cascade.java:118)
	at org.hibernate.event.internal.DefaultMergeEventListener.cascadeOnMerge(DefaultMergeEventListener.java:474)
	at org.hibernate.event.internal.DefaultMergeEventListener.entityIsPersistent(DefaultMergeEventListener.java:218)
	at org.hibernate.event.internal.DefaultMergeEventListener.onMerge(DefaultMergeEventListener.java:192)
	at org.hibernate.event.internal.DefaultMergeEventListener.onMerge(DefaultMergeEventListener.java:85)
	at org.hibernate.internal.SessionImpl.fireMerge(SessionImpl.java:876)
	at org.hibernate.internal.SessionImpl.merge(SessionImpl.java:858)
	at org.hibernate.internal.SessionImpl.merge(SessionImpl.java:863)
	at org.hibernate.jpa.spi.AbstractEntityManagerImpl.merge(AbstractEntityManagerImpl.java:1196)
	at sun.reflect.NativeMethodAccessorImpl.invoke0(Native Method)
	at sun.reflect.NativeMethodAccessorImpl.invoke(NativeMethodAccessorImpl.java:62)
	at sun.reflect.DelegatingMethodAccessorImpl.invoke(DelegatingMethodAccessorImpl.java:43)
	at java.lang.reflect.Method.invoke(Method.java:498)
	at org.springframework.orm.jpa.SharedEntityManagerCreator$SharedEntityManagerInvocationHandler.invoke(SharedEntityManagerCreator.java:289)
	at com.sun.proxy.$Proxy28.merge(Unknown Source)
	at ie.flexx.jackanory.data.dao.UserStoryDataDaoImpl.updateUserStoryData(UserStoryDataDaoImpl.java:41)
	at ie.flexx.jackanory.data.dao.UserStoryDataDaoImpl$$FastClassBySpringCGLIB$$2fb579d9.invoke(<generated>)
	at org.springframework.cglib.proxy.MethodProxy.invoke(MethodProxy.java:204)
	at org.springframework.aop.framework.CglibAopProxy$CglibMethodInvocation.invokeJoinpoint(CglibAopProxy.java:708)
	at org.springframework.aop.framework.ReflectiveMethodInvocation.proceed(ReflectiveMethodInvocation.java:157)
	at org.springframework.transaction.interceptor.TransactionInterceptor$1.proceedWithInvocation(TransactionInterceptor.java:98)
	at org.springframework.transaction.interceptor.TransactionAspectSupport.invokeWithinTransaction(TransactionAspectSupport.java:262)
	at org.springframework.transaction.interceptor.TransactionInterceptor.invoke(TransactionInterceptor.java:95)
	at org.springframework.aop.framework.ReflectiveMethodInvocation.proceed(ReflectiveMethodInvocation.java:179)
	at org.springframework.aop.framework.CglibAopProxy$DynamicAdvisedInterceptor.intercept(CglibAopProxy.java:644)
	at ie.flexx.jackanory.data.dao.UserStoryDataDaoImpl$$EnhancerBySpringCGLIB$$929f3dfc.updateUserStoryData(<generated>)
	at ie.flexx.jackanory.domain.dao.UserStoryDaoImpl.updateUserStory(UserStoryDaoImpl.java:43)
	at ie.flexx.jackanory.domain.dao.UserStoryDaoImpl$$FastClassBySpringCGLIB$$5f09e9c9.invoke(<generated>)
	at org.springframework.cglib.proxy.MethodProxy.invoke(MethodProxy.java:204)
	at org.springframework.aop.framework.CglibAopProxy$CglibMethodInvocation.invokeJoinpoint(CglibAopProxy.java:708)
	at org.springframework.aop.framework.ReflectiveMethodInvocation.proceed(ReflectiveMethodInvocation.java:157)
	at org.springframework.transaction.interceptor.TransactionInterceptor$1.proceedWithInvocation(TransactionInterceptor.java:98)
	at org.springframework.transaction.interceptor.TransactionAspectSupport.invokeWithinTransaction(TransactionAspectSupport.java:262)
	at org.springframework.transaction.interceptor.TransactionInterceptor.invoke(TransactionInterceptor.java:95)
	at org.springframework.aop.framework.ReflectiveMethodInvocation.proceed(ReflectiveMethodInvocation.java:179)
	at org.springframework.aop.framework.CglibAopProxy$DynamicAdvisedInterceptor.intercept(CglibAopProxy.java:644)
	at ie.flexx.jackanory.domain.dao.UserStoryDaoImpl$$EnhancerBySpringCGLIB$$ba471fec.updateUserStory(<generated>)
	at ie.flexx.jackanory.manager.UserStoryManagerImpl.updateUserStory(UserStoryManagerImpl.java:59)
	at ie.flexx.jackanory.manager.UserStoryManagerImpl$$FastClassBySpringCGLIB$$1b53f5e9.invoke(<generated>)
	at org.springframework.cglib.proxy.MethodProxy.invoke(MethodProxy.java:204)
	at org.springframework.aop.framework.CglibAopProxy$CglibMethodInvocation.invokeJoinpoint(CglibAopProxy.java:708)
	at org.springframework.aop.framework.ReflectiveMethodInvocation.proceed(ReflectiveMethodInvocation.java:157)
	at org.springframework.transaction.interceptor.TransactionInterceptor$1.proceedWithInvocation(TransactionInterceptor.java:98)
	at org.springframework.transaction.interceptor.TransactionAspectSupport.invokeWithinTransaction(TransactionAspectSupport.java:262)
	at org.springframework.transaction.interceptor.TransactionInterceptor.invoke(TransactionInterceptor.java:95)
	at org.springframework.aop.framework.ReflectiveMethodInvocation.proceed(ReflectiveMethodInvocation.java:179)
	at org.springframework.aop.framework.CglibAopProxy$DynamicAdvisedInterceptor.intercept(CglibAopProxy.java:644)
	at ie.flexx.jackanory.manager.UserStoryManagerImpl$$EnhancerBySpringCGLIB$$8058c80c.updateUserStory(<generated>)
	at ie.flexx.jackanory.tests.UserStoryResearchImplIntegrationTest.testGetUserStoryResearchList(UserStoryResearchImplIntegrationTest.java:130)
]]></error>
    <system-out><![CDATA[Hibernate: 
    select
        userstoryr0_.user_story_research_id as user_sto1_2_,
        userstoryr0_.research as research2_2_,
        userstoryr0_.source as source3_2_,
        userstoryr0_.userStoryData as userStor4_2_,
        userstoryr0_.version as version5_2_ 
    from
        user_story_research userstoryr0_
Hibernate: 
    insert 
    into
        user_story
        (user_story_id, assigned_date, category, complexity, description, name, notes, sponsor_email, start_date, sub_category, version, workflow_state) 
    values
        (null, ?, ?, ?, ?, ?, ?, ?, ?, ?, ?, ?)
Hibernate: 
    insert 
    into
        user_story
        (user_story_id, assigned_date, category, complexity, description, name, notes, sponsor_email, start_date, sub_category, version, workflow_state) 
    values
        (null, ?, ?, ?, ?, ?, ?, ?, ?, ?, ?, ?)
Hibernate: 
    insert 
    into
        user_story_research
        (user_story_research_id, research, source, userStoryData, version) 
    values
        (null, ?, ?, ?, ?)
]]></system-out>
    <system-err><![CDATA[Oct 23, 2018 9:17:38 PM org.springframework.beans.factory.xml.XmlBeanDefinitionReader loadBeanDefinitions
INFO: Loading XML bean definitions from class path resource [database-setup.xml]
Oct 23, 2018 9:17:38 PM org.springframework.beans.factory.xml.XmlBeanDefinitionReader loadBeanDefinitions
INFO: Loading XML bean definitions from file [/home/mavit/Documents/Teste e outros/Flexx/JavaDeveloper/jackanory/jackanory-spring/jackanory-spring-spring/target/classes/spring/jackanory/manager.xml]
Oct 23, 2018 9:17:38 PM org.springframework.beans.factory.xml.XmlBeanDefinitionReader loadBeanDefinitions
INFO: Loading XML bean definitions from file [/home/mavit/Documents/Teste e outros/Flexx/JavaDeveloper/jackanory/jackanory-spring/jackanory-spring-spring/target/classes/spring/jackanory/data.xml]
Oct 23, 2018 9:17:38 PM org.springframework.beans.factory.xml.XmlBeanDefinitionReader loadBeanDefinitions
INFO: Loading XML bean definitions from file [/home/mavit/Documents/Teste e outros/Flexx/JavaDeveloper/jackanory/jackanory-spring/jackanory-spring-spring/target/classes/spring/jackanory/domain.xml]
Oct 23, 2018 9:17:38 PM org.springframework.context.support.GenericApplicationContext prepareRefresh
INFO: Refreshing org.springframework.context.support.GenericApplicationContext@19058533: startup date [Tue Oct 23 21:17:38 IST 2018]; root of context hierarchy
Oct 23, 2018 9:17:38 PM org.springframework.jdbc.datasource.embedded.EmbeddedDatabaseFactory initDatabase
INFO: Creating embedded database 'dataSource'
Oct 23, 2018 9:17:38 PM org.springframework.orm.jpa.persistenceunit.PersistenceUnitReader determinePersistenceUnitRootUrl
INFO: persistence.xml should be located inside META-INF directory; cannot determine persistence unit root URL for class path resource [persistence.xml]
Oct 23, 2018 9:17:38 PM org.springframework.orm.jpa.LocalContainerEntityManagerFactoryBean createNativeEntityManagerFactory
INFO: Building JPA container EntityManagerFactory for persistence unit 'persistence-domain'
Oct 23, 2018 9:17:38 PM org.hibernate.jpa.internal.util.LogHelper logPersistenceUnitInformation
INFO: HHH000204: Processing PersistenceUnitInfo [
	name: persistence-domain
	...]
Oct 23, 2018 9:17:38 PM org.hibernate.dialect.Dialect <init>
INFO: HHH000400: Using dialect: org.hibernate.dialect.H2Dialect
Oct 23, 2018 9:17:38 PM org.hibernate.hql.internal.ast.ASTQueryTranslatorFactory <init>
INFO: HHH000397: Using ASTQueryTranslatorFactory
Oct 23, 2018 9:17:39 PM org.hibernate.tool.hbm2ddl.SchemaUpdate execute
INFO: HHH000228: Running hbm2ddl schema update
Oct 23, 2018 9:17:39 PM org.hibernate.tool.hbm2ddl.SchemaUpdate execute
INFO: HHH000102: Fetching database metadata
Oct 23, 2018 9:17:39 PM org.hibernate.tool.hbm2ddl.SchemaUpdate execute
INFO: HHH000396: Updating schema
Oct 23, 2018 9:17:39 PM org.hibernate.tool.hbm2ddl.DatabaseMetadata getTableMetadata
INFO: HHH000262: Table not found: user_story
Oct 23, 2018 9:17:39 PM org.hibernate.tool.hbm2ddl.DatabaseMetadata getTableMetadata
INFO: HHH000262: Table not found: user_story_requirement
Oct 23, 2018 9:17:39 PM org.hibernate.tool.hbm2ddl.DatabaseMetadata getTableMetadata
INFO: HHH000262: Table not found: user_story_research
Oct 23, 2018 9:17:39 PM org.hibernate.tool.hbm2ddl.DatabaseMetadata getTableMetadata
INFO: HHH000262: Table not found: user_story
Oct 23, 2018 9:17:39 PM org.hibernate.tool.hbm2ddl.DatabaseMetadata getTableMetadata
INFO: HHH000262: Table not found: user_story_requirement
Oct 23, 2018 9:17:39 PM org.hibernate.tool.hbm2ddl.DatabaseMetadata getTableMetadata
INFO: HHH000262: Table not found: user_story_research
Oct 23, 2018 9:17:39 PM org.hibernate.tool.hbm2ddl.DatabaseMetadata getTableMetadata
INFO: HHH000262: Table not found: user_story
Oct 23, 2018 9:17:39 PM org.hibernate.tool.hbm2ddl.DatabaseMetadata getTableMetadata
INFO: HHH000262: Table not found: user_story_requirement
Oct 23, 2018 9:17:39 PM org.hibernate.tool.hbm2ddl.DatabaseMetadata getTableMetadata
INFO: HHH000262: Table not found: user_story_research
Oct 23, 2018 9:17:39 PM org.hibernate.tool.hbm2ddl.SchemaUpdate execute
ERROR: HHH000388: Unsuccessful: alter table user_story_requirement add constraint FK_fexnf5u4a9isl8mnetis1yuw2 foreign key (user_story_id) references user_story_research
Oct 23, 2018 9:17:39 PM org.hibernate.tool.hbm2ddl.SchemaUpdate execute
ERROR: Constraint "FK_FEXNF5U4A9ISL8MNETIS1YUW2" already exists; SQL statement:

    alter table user_story_requirement 
        add constraint FK_fexnf5u4a9isl8mnetis1yuw2 
        foreign key (user_story_id) 
        references user_story_research [90045-183]
Oct 23, 2018 9:17:39 PM org.hibernate.tool.hbm2ddl.SchemaUpdate execute
INFO: HHH000232: Schema update complete
Oct 23, 2018 9:17:39 PM org.springframework.test.context.transaction.TransactionalTestExecutionListener startNewTransaction
INFO: Began transaction (5) for test context [DefaultTestContext@340b7ef6 testClass = UserStoryResearchImplIntegrationTest, testInstance = ie.flexx.jackanory.tests.UserStoryResearchImplIntegrationTest@59c33386, testMethod = testGetUserStoryResearchList@UserStoryResearchImplIntegrationTest, testException = [null], mergedContextConfiguration = [MergedContextConfiguration@6050462a testClass = UserStoryResearchImplIntegrationTest, locations = '{classpath:database-setup.xml}', classes = '{}', contextInitializerClasses = '[]', activeProfiles = '{}', contextLoader = 'org.springframework.test.context.support.DelegatingSmartContextLoader', parent = [null]]]; transaction manager [org.springframework.orm.jpa.JpaTransactionManager@571a9686]; rollback [true]
Oct 23, 2018 9:17:39 PM org.hibernate.engine.jdbc.spi.SqlExceptionHelper logExceptions
WARN: SQL Error: 22001, SQLState: 22001
Oct 23, 2018 9:17:39 PM org.hibernate.engine.jdbc.spi.SqlExceptionHelper logExceptions
ERROR: Value too long for column "USERSTORYDATA BINARY(255)": "X'aced00057372002569652e666c6578782e6a61636b616e6f72792e646174612e5573657253746f72794461746187392728a9d1bc0f02000e4c000c61737369... (1065)"; SQL statement:
insert into user_story_research (user_story_research_id, research, source, userStoryData, version) values (null, ?, ?, ?, ?) [22001-183]
Oct 23, 2018 9:17:39 PM org.springframework.test.context.transaction.TransactionalTestExecutionListener endTransaction
INFO: Rolled back transaction after test execution for test context [DefaultTestContext@340b7ef6 testClass = UserStoryResearchImplIntegrationTest, testInstance = ie.flexx.jackanory.tests.UserStoryResearchImplIntegrationTest@59c33386, testMethod = testGetUserStoryResearchList@UserStoryResearchImplIntegrationTest, testException = javax.persistence.PersistenceException: org.hibernate.exception.DataException: could not execute statement, mergedContextConfiguration = [MergedContextConfiguration@6050462a testClass = UserStoryResearchImplIntegrationTest, locations = '{classpath:database-setup.xml}', classes = '{}', contextInitializerClasses = '[]', activeProfiles = '{}', contextLoader = 'org.springframework.test.context.support.DelegatingSmartContextLoader', parent = [null]]]
Oct 23, 2018 9:17:39 PM org.springframework.context.support.GenericApplicationContext doClose
INFO: Closing org.springframework.context.support.GenericApplicationContext@19058533: startup date [Tue Oct 23 21:17:38 IST 2018]; root of context hierarchy
Oct 23, 2018 9:17:39 PM org.springframework.orm.jpa.LocalContainerEntityManagerFactoryBean destroy
INFO: Closing JPA EntityManagerFactory for persistence unit 'persistence-domain'
]]></system-err>
  </testcase>
  <testcase name="testCreateUserStoryResearch" classname="ie.flexx.jackanory.tests.UserStoryResearchImplIntegrationTest" time="0.476">
    <error message="org.hibernate.exception.DataException: could not execute statement" type="javax.persistence.PersistenceException"><![CDATA[javax.persistence.PersistenceException: org.hibernate.exception.DataException: could not execute statement
	at org.h2.message.DbException.getJdbcSQLException(DbException.java:345)
	at org.h2.message.DbException.get(DbException.java:179)
	at org.h2.table.Column.validateConvertUpdateSequence(Column.java:327)
	at org.h2.table.Table.validateConvertUpdateSequence(Table.java:743)
	at org.h2.command.dml.Insert.insertRows(Insert.java:151)
	at org.h2.command.dml.Insert.update(Insert.java:114)
	at org.h2.command.CommandContainer.update(CommandContainer.java:78)
	at org.h2.command.Command.executeUpdate(Command.java:254)
	at org.h2.jdbc.JdbcPreparedStatement.executeUpdateInternal(JdbcPreparedStatement.java:157)
	at org.h2.jdbc.JdbcPreparedStatement.executeUpdate(JdbcPreparedStatement.java:143)
	at org.hibernate.engine.jdbc.internal.ResultSetReturnImpl.executeUpdate(ResultSetReturnImpl.java:208)
	at org.hibernate.id.IdentityGenerator$GetGeneratedKeysDelegate.executeAndExtract(IdentityGenerator.java:96)
	at org.hibernate.id.insert.AbstractReturningDelegate.performInsert(AbstractReturningDelegate.java:58)
	at org.hibernate.persister.entity.AbstractEntityPersister.insert(AbstractEntityPersister.java:3032)
	at org.hibernate.persister.entity.AbstractEntityPersister.insert(AbstractEntityPersister.java:3558)
	at org.hibernate.action.internal.EntityIdentityInsertAction.execute(EntityIdentityInsertAction.java:98)
	at org.hibernate.engine.spi.ActionQueue.execute(ActionQueue.java:490)
	at org.hibernate.engine.spi.ActionQueue.addResolvedEntityInsertAction(ActionQueue.java:195)
	at org.hibernate.engine.spi.ActionQueue.addInsertAction(ActionQueue.java:179)
	at org.hibernate.engine.spi.ActionQueue.addAction(ActionQueue.java:214)
	at org.hibernate.event.internal.AbstractSaveEventListener.addInsertAction(AbstractSaveEventListener.java:324)
	at org.hibernate.event.internal.AbstractSaveEventListener.performSaveOrReplicate(AbstractSaveEventListener.java:288)
	at org.hibernate.event.internal.AbstractSaveEventListener.performSave(AbstractSaveEventListener.java:194)
	at org.hibernate.event.internal.AbstractSaveEventListener.saveWithGeneratedId(AbstractSaveEventListener.java:125)
	at org.hibernate.jpa.event.internal.core.JpaMergeEventListener.saveWithGeneratedId(JpaMergeEventListener.java:73)
	at org.hibernate.event.internal.DefaultMergeEventListener.saveTransientEntity(DefaultMergeEventListener.java:271)
	at org.hibernate.event.internal.DefaultMergeEventListener.entityIsTransient(DefaultMergeEventListener.java:251)
	at org.hibernate.event.internal.DefaultMergeEventListener.onMerge(DefaultMergeEventListener.java:189)
	at org.hibernate.internal.SessionImpl.fireMerge(SessionImpl.java:886)
	at org.hibernate.internal.SessionImpl.merge(SessionImpl.java:868)
	at org.hibernate.engine.spi.CascadingActions$6.cascade(CascadingActions.java:277)
	at org.hibernate.engine.internal.Cascade.cascadeToOne(Cascade.java:350)
	at org.hibernate.engine.internal.Cascade.cascadeAssociation(Cascade.java:293)
	at org.hibernate.engine.internal.Cascade.cascadeProperty(Cascade.java:161)
	at org.hibernate.engine.internal.Cascade.cascadeCollectionElements(Cascade.java:379)
	at org.hibernate.engine.internal.Cascade.cascadeCollection(Cascade.java:319)
	at org.hibernate.engine.internal.Cascade.cascadeAssociation(Cascade.java:296)
	at org.hibernate.engine.internal.Cascade.cascadeProperty(Cascade.java:161)
	at org.hibernate.engine.internal.Cascade.cascade(Cascade.java:118)
	at org.hibernate.event.internal.DefaultMergeEventListener.cascadeOnMerge(DefaultMergeEventListener.java:474)
	at org.hibernate.event.internal.DefaultMergeEventListener.entityIsPersistent(DefaultMergeEventListener.java:218)
	at org.hibernate.event.internal.DefaultMergeEventListener.onMerge(DefaultMergeEventListener.java:192)
	at org.hibernate.event.internal.DefaultMergeEventListener.onMerge(DefaultMergeEventListener.java:85)
	at org.hibernate.internal.SessionImpl.fireMerge(SessionImpl.java:876)
	at org.hibernate.internal.SessionImpl.merge(SessionImpl.java:858)
	at org.hibernate.internal.SessionImpl.merge(SessionImpl.java:863)
	at org.hibernate.jpa.spi.AbstractEntityManagerImpl.merge(AbstractEntityManagerImpl.java:1196)
	at sun.reflect.NativeMethodAccessorImpl.invoke0(Native Method)
	at sun.reflect.NativeMethodAccessorImpl.invoke(NativeMethodAccessorImpl.java:62)
	at sun.reflect.DelegatingMethodAccessorImpl.invoke(DelegatingMethodAccessorImpl.java:43)
	at java.lang.reflect.Method.invoke(Method.java:498)
	at org.springframework.orm.jpa.SharedEntityManagerCreator$SharedEntityManagerInvocationHandler.invoke(SharedEntityManagerCreator.java:289)
	at com.sun.proxy.$Proxy28.merge(Unknown Source)
	at ie.flexx.jackanory.data.dao.UserStoryDataDaoImpl.updateUserStoryData(UserStoryDataDaoImpl.java:41)
	at ie.flexx.jackanory.data.dao.UserStoryDataDaoImpl$$FastClassBySpringCGLIB$$2fb579d9.invoke(<generated>)
	at org.springframework.cglib.proxy.MethodProxy.invoke(MethodProxy.java:204)
	at org.springframework.aop.framework.CglibAopProxy$CglibMethodInvocation.invokeJoinpoint(CglibAopProxy.java:708)
	at org.springframework.aop.framework.ReflectiveMethodInvocation.proceed(ReflectiveMethodInvocation.java:157)
	at org.springframework.transaction.interceptor.TransactionInterceptor$1.proceedWithInvocation(TransactionInterceptor.java:98)
	at org.springframework.transaction.interceptor.TransactionAspectSupport.invokeWithinTransaction(TransactionAspectSupport.java:262)
	at org.springframework.transaction.interceptor.TransactionInterceptor.invoke(TransactionInterceptor.java:95)
	at org.springframework.aop.framework.ReflectiveMethodInvocation.proceed(ReflectiveMethodInvocation.java:179)
	at org.springframework.aop.framework.CglibAopProxy$DynamicAdvisedInterceptor.intercept(CglibAopProxy.java:644)
	at ie.flexx.jackanory.data.dao.UserStoryDataDaoImpl$$EnhancerBySpringCGLIB$$929f3dfc.updateUserStoryData(<generated>)
	at ie.flexx.jackanory.domain.dao.UserStoryDaoImpl.updateUserStory(UserStoryDaoImpl.java:43)
	at ie.flexx.jackanory.domain.dao.UserStoryDaoImpl$$FastClassBySpringCGLIB$$5f09e9c9.invoke(<generated>)
	at org.springframework.cglib.proxy.MethodProxy.invoke(MethodProxy.java:204)
	at org.springframework.aop.framework.CglibAopProxy$CglibMethodInvocation.invokeJoinpoint(CglibAopProxy.java:708)
	at org.springframework.aop.framework.ReflectiveMethodInvocation.proceed(ReflectiveMethodInvocation.java:157)
	at org.springframework.transaction.interceptor.TransactionInterceptor$1.proceedWithInvocation(TransactionInterceptor.java:98)
	at org.springframework.transaction.interceptor.TransactionAspectSupport.invokeWithinTransaction(TransactionAspectSupport.java:262)
	at org.springframework.transaction.interceptor.TransactionInterceptor.invoke(TransactionInterceptor.java:95)
	at org.springframework.aop.framework.ReflectiveMethodInvocation.proceed(ReflectiveMethodInvocation.java:179)
	at org.springframework.aop.framework.CglibAopProxy$DynamicAdvisedInterceptor.intercept(CglibAopProxy.java:644)
	at ie.flexx.jackanory.domain.dao.UserStoryDaoImpl$$EnhancerBySpringCGLIB$$ba471fec.updateUserStory(<generated>)
	at ie.flexx.jackanory.manager.UserStoryManagerImpl.updateUserStory(UserStoryManagerImpl.java:59)
	at ie.flexx.jackanory.manager.UserStoryManagerImpl$$FastClassBySpringCGLIB$$1b53f5e9.invoke(<generated>)
	at org.springframework.cglib.proxy.MethodProxy.invoke(MethodProxy.java:204)
	at org.springframework.aop.framework.CglibAopProxy$CglibMethodInvocation.invokeJoinpoint(CglibAopProxy.java:708)
	at org.springframework.aop.framework.ReflectiveMethodInvocation.proceed(ReflectiveMethodInvocation.java:157)
	at org.springframework.transaction.interceptor.TransactionInterceptor$1.proceedWithInvocation(TransactionInterceptor.java:98)
	at org.springframework.transaction.interceptor.TransactionAspectSupport.invokeWithinTransaction(TransactionAspectSupport.java:262)
	at org.springframework.transaction.interceptor.TransactionInterceptor.invoke(TransactionInterceptor.java:95)
	at org.springframework.aop.framework.ReflectiveMethodInvocation.proceed(ReflectiveMethodInvocation.java:179)
	at org.springframework.aop.framework.CglibAopProxy$DynamicAdvisedInterceptor.intercept(CglibAopProxy.java:644)
	at ie.flexx.jackanory.manager.UserStoryManagerImpl$$EnhancerBySpringCGLIB$$8058c80c.updateUserStory(<generated>)
	at ie.flexx.jackanory.tests.UserStoryResearchImplIntegrationTest.testCreateUserStoryResearch(UserStoryResearchImplIntegrationTest.java:77)
]]></error>
    <system-out><![CDATA[Hibernate: 
    insert 
    into
        user_story
        (user_story_id, assigned_date, category, complexity, description, name, notes, sponsor_email, start_date, sub_category, version, workflow_state) 
    values
        (null, ?, ?, ?, ?, ?, ?, ?, ?, ?, ?, ?)
Hibernate: 
    insert 
    into
        user_story_research
        (user_story_research_id, research, source, userStoryData, version) 
    values
        (null, ?, ?, ?, ?)
]]></system-out>
    <system-err><![CDATA[Oct 23, 2018 9:17:39 PM org.springframework.beans.factory.xml.XmlBeanDefinitionReader loadBeanDefinitions
INFO: Loading XML bean definitions from class path resource [database-setup.xml]
Oct 23, 2018 9:17:39 PM org.springframework.beans.factory.xml.XmlBeanDefinitionReader loadBeanDefinitions
INFO: Loading XML bean definitions from file [/home/mavit/Documents/Teste e outros/Flexx/JavaDeveloper/jackanory/jackanory-spring/jackanory-spring-spring/target/classes/spring/jackanory/manager.xml]
Oct 23, 2018 9:17:39 PM org.springframework.beans.factory.xml.XmlBeanDefinitionReader loadBeanDefinitions
INFO: Loading XML bean definitions from file [/home/mavit/Documents/Teste e outros/Flexx/JavaDeveloper/jackanory/jackanory-spring/jackanory-spring-spring/target/classes/spring/jackanory/data.xml]
Oct 23, 2018 9:17:39 PM org.springframework.beans.factory.xml.XmlBeanDefinitionReader loadBeanDefinitions
INFO: Loading XML bean definitions from file [/home/mavit/Documents/Teste e outros/Flexx/JavaDeveloper/jackanory/jackanory-spring/jackanory-spring-spring/target/classes/spring/jackanory/domain.xml]
Oct 23, 2018 9:17:39 PM org.springframework.context.support.GenericApplicationContext prepareRefresh
INFO: Refreshing org.springframework.context.support.GenericApplicationContext@ef1695a: startup date [Tue Oct 23 21:17:39 IST 2018]; root of context hierarchy
Oct 23, 2018 9:17:39 PM org.springframework.jdbc.datasource.embedded.EmbeddedDatabaseFactory initDatabase
INFO: Creating embedded database 'dataSource'
Oct 23, 2018 9:17:40 PM org.springframework.orm.jpa.persistenceunit.PersistenceUnitReader determinePersistenceUnitRootUrl
INFO: persistence.xml should be located inside META-INF directory; cannot determine persistence unit root URL for class path resource [persistence.xml]
Oct 23, 2018 9:17:40 PM org.springframework.orm.jpa.LocalContainerEntityManagerFactoryBean createNativeEntityManagerFactory
INFO: Building JPA container EntityManagerFactory for persistence unit 'persistence-domain'
Oct 23, 2018 9:17:40 PM org.hibernate.jpa.internal.util.LogHelper logPersistenceUnitInformation
INFO: HHH000204: Processing PersistenceUnitInfo [
	name: persistence-domain
	...]
Oct 23, 2018 9:17:40 PM org.hibernate.dialect.Dialect <init>
INFO: HHH000400: Using dialect: org.hibernate.dialect.H2Dialect
Oct 23, 2018 9:17:40 PM org.hibernate.hql.internal.ast.ASTQueryTranslatorFactory <init>
INFO: HHH000397: Using ASTQueryTranslatorFactory
Oct 23, 2018 9:17:40 PM org.hibernate.tool.hbm2ddl.SchemaUpdate execute
INFO: HHH000228: Running hbm2ddl schema update
Oct 23, 2018 9:17:40 PM org.hibernate.tool.hbm2ddl.SchemaUpdate execute
INFO: HHH000102: Fetching database metadata
Oct 23, 2018 9:17:40 PM org.hibernate.tool.hbm2ddl.SchemaUpdate execute
INFO: HHH000396: Updating schema
Oct 23, 2018 9:17:40 PM org.hibernate.tool.hbm2ddl.DatabaseMetadata getTableMetadata
INFO: HHH000262: Table not found: user_story
Oct 23, 2018 9:17:40 PM org.hibernate.tool.hbm2ddl.DatabaseMetadata getTableMetadata
INFO: HHH000262: Table not found: user_story_requirement
Oct 23, 2018 9:17:40 PM org.hibernate.tool.hbm2ddl.DatabaseMetadata getTableMetadata
INFO: HHH000262: Table not found: user_story_research
Oct 23, 2018 9:17:40 PM org.hibernate.tool.hbm2ddl.DatabaseMetadata getTableMetadata
INFO: HHH000262: Table not found: user_story
Oct 23, 2018 9:17:40 PM org.hibernate.tool.hbm2ddl.DatabaseMetadata getTableMetadata
INFO: HHH000262: Table not found: user_story_requirement
Oct 23, 2018 9:17:40 PM org.hibernate.tool.hbm2ddl.DatabaseMetadata getTableMetadata
INFO: HHH000262: Table not found: user_story_research
Oct 23, 2018 9:17:40 PM org.hibernate.tool.hbm2ddl.DatabaseMetadata getTableMetadata
INFO: HHH000262: Table not found: user_story
Oct 23, 2018 9:17:40 PM org.hibernate.tool.hbm2ddl.DatabaseMetadata getTableMetadata
INFO: HHH000262: Table not found: user_story_requirement
Oct 23, 2018 9:17:40 PM org.hibernate.tool.hbm2ddl.DatabaseMetadata getTableMetadata
INFO: HHH000262: Table not found: user_story_research
Oct 23, 2018 9:17:40 PM org.hibernate.tool.hbm2ddl.SchemaUpdate execute
ERROR: HHH000388: Unsuccessful: alter table user_story_requirement add constraint FK_fexnf5u4a9isl8mnetis1yuw2 foreign key (user_story_id) references user_story_research
Oct 23, 2018 9:17:40 PM org.hibernate.tool.hbm2ddl.SchemaUpdate execute
ERROR: Constraint "FK_FEXNF5U4A9ISL8MNETIS1YUW2" already exists; SQL statement:

    alter table user_story_requirement 
        add constraint FK_fexnf5u4a9isl8mnetis1yuw2 
        foreign key (user_story_id) 
        references user_story_research [90045-183]
Oct 23, 2018 9:17:40 PM org.hibernate.tool.hbm2ddl.SchemaUpdate execute
INFO: HHH000232: Schema update complete
Oct 23, 2018 9:17:40 PM org.springframework.test.context.transaction.TransactionalTestExecutionListener startNewTransaction
INFO: Began transaction (6) for test context [DefaultTestContext@340b7ef6 testClass = UserStoryResearchImplIntegrationTest, testInstance = ie.flexx.jackanory.tests.UserStoryResearchImplIntegrationTest@54cf7c6a, testMethod = testCreateUserStoryResearch@UserStoryResearchImplIntegrationTest, testException = [null], mergedContextConfiguration = [MergedContextConfiguration@6050462a testClass = UserStoryResearchImplIntegrationTest, locations = '{classpath:database-setup.xml}', classes = '{}', contextInitializerClasses = '[]', activeProfiles = '{}', contextLoader = 'org.springframework.test.context.support.DelegatingSmartContextLoader', parent = [null]]]; transaction manager [org.springframework.orm.jpa.JpaTransactionManager@78010562]; rollback [true]
Oct 23, 2018 9:17:40 PM org.hibernate.engine.jdbc.spi.SqlExceptionHelper logExceptions
WARN: SQL Error: 22001, SQLState: 22001
Oct 23, 2018 9:17:40 PM org.hibernate.engine.jdbc.spi.SqlExceptionHelper logExceptions
ERROR: Value too long for column "USERSTORYDATA BINARY(255)": "X'aced00057372002569652e666c6578782e6a61636b616e6f72792e646174612e5573657253746f72794461746187392728a9d1bc0f02000e4c000c61737369... (1065)"; SQL statement:
insert into user_story_research (user_story_research_id, research, source, userStoryData, version) values (null, ?, ?, ?, ?) [22001-183]
Oct 23, 2018 9:17:40 PM org.springframework.test.context.transaction.TransactionalTestExecutionListener endTransaction
INFO: Rolled back transaction after test execution for test context [DefaultTestContext@340b7ef6 testClass = UserStoryResearchImplIntegrationTest, testInstance = ie.flexx.jackanory.tests.UserStoryResearchImplIntegrationTest@54cf7c6a, testMethod = testCreateUserStoryResearch@UserStoryResearchImplIntegrationTest, testException = javax.persistence.PersistenceException: org.hibernate.exception.DataException: could not execute statement, mergedContextConfiguration = [MergedContextConfiguration@6050462a testClass = UserStoryResearchImplIntegrationTest, locations = '{classpath:database-setup.xml}', classes = '{}', contextInitializerClasses = '[]', activeProfiles = '{}', contextLoader = 'org.springframework.test.context.support.DelegatingSmartContextLoader', parent = [null]]]
Oct 23, 2018 9:17:40 PM org.springframework.context.support.GenericApplicationContext doClose
INFO: Closing org.springframework.context.support.GenericApplicationContext@ef1695a: startup date [Tue Oct 23 21:17:39 IST 2018]; root of context hierarchy
Oct 23, 2018 9:17:40 PM org.springframework.orm.jpa.LocalContainerEntityManagerFactoryBean destroy
INFO: Closing JPA EntityManagerFactory for persistence unit 'persistence-domain'
]]></system-err>
  </testcase>
</testsuite>